<?xml version="1.0" encoding="UTF-8"?>
<!-- Generated by org.testng.reporters.JUnitXMLReporter -->
<testsuite hostname="AKK-DEV-QA-AUTO-01" ignored="0" name=" PME Login" tests="1" failures="1" timestamp="28 Mar 2018 20:13:26 GMT" time="0.161" errors="0">
  <testcase name="loginTest" time="0.141" classname="Testcases.LoginTest">
    <failure type="java.lang.NullPointerException">
      <![CDATA[java.lang.NullPointerException
	at Base.TestBase.type(TestBase.java:124)
	at Testcases.LoginTest.loginTest(LoginTest.java:24)
... Removed 25 stack frames]]>
    </failure>
  </testcase> <!-- loginTest -->
</testsuite> <!--  PME Login -->
