<?xml version="1.0" encoding="UTF-8"?>
<!-- Generated by org.testng.reporters.JUnitXMLReporter -->
<testsuite hostname="AKK-DEV-QA-AUTO-01" ignored="0" name=" TestLdap Test" tests="1" failures="1" timestamp="28 Mar 2018 20:00:34 GMT" time="0.064" errors="0">
  <testcase name="ldaptest" time="0.057" classname="Testcases.LdapTest">
    <failure type="org.testng.internal.reflect.MethodMatcherException" message="
Data provider mismatch
Method: ldaptest([Parameter{index=0, type=java.lang.String, declaredAnnotations=[]}, Parameter{index=1, type=java.lang.String, declaredAnnotations=[]}, Parameter{index=2, type=java.lang.String, declaredAnnotations=[]}, Parameter{index=3, type=java.lang.String, declaredAnnotations=[]}, Parameter{index=4, type=java.lang.String, declaredAnnotations=[]}, Parameter{index=5, type=java.lang.String, declaredAnnotations=[]}, Parameter{index=6, type=java.lang.String, declaredAnnotations=[]}])
Arguments: [(java.util.Hashtable){uname=pmeadmin, pwd=PMEAdmin}]">
      <![CDATA[org.testng.internal.reflect.MethodMatcherException: 
Data provider mismatch
Method: ldaptest([Parameter{index=0, type=java.lang.String, declaredAnnotations=[]}, Parameter{index=1, type=java.lang.String, declaredAnnotations=[]}, Parameter{index=2, type=java.lang.String, declaredAnnotations=[]}, Parameter{index=3, type=java.lang.String, declaredAnnotations=[]}, Parameter{index=4, type=java.lang.String, declaredAnnotations=[]}, Parameter{index=5, type=java.lang.String, declaredAnnotations=[]}, Parameter{index=6, type=java.lang.String, declaredAnnotations=[]}])
Arguments: [(java.util.Hashtable){uname=pmeadmin, pwd=PMEAdmin}]
... Removed 20 stack frames]]>
    </failure>
  </testcase> <!-- ldaptest -->
</testsuite> <!--  TestLdap Test -->
