<?xml version="1.0" encoding="UTF-8"?>
<!-- Generated by org.testng.reporters.JUnitXMLReporter -->
<testsuite hostname="AKK-DEV-QA-AUTO-01" ignored="0" name=" TestFtp Test" tests="1" failures="1" timestamp="28 Mar 2018 20:00:34 GMT" time="0.284" errors="0">
  <testcase name="addFtp" time="0.28" classname="Testcases.FtpTest">
    <failure type="java.lang.NullPointerException">
      <![CDATA[java.lang.NullPointerException
	at Base.TestBase.click(TestBase.java:116)
	at Testcases.FtpTest.addFtp(FtpTest.java:17)
... Removed 25 stack frames]]>
    </failure>
  </testcase> <!-- addFtp -->
</testsuite> <!--  TestFtp Test -->
