<?xml version="1.0" encoding="UTF-8"?>
<testng-results skipped="0" failed="6" ignored="0" total="57" passed="51">
  <reporter-output>
    <line>
      <![CDATA[Click to see screenshot]]>
    </line>
    <line>
      <![CDATA[<a target="_blank"href=Mon_May_21_10_01_54_EDT_2018.jpg>Screenshot</a>]]>
    </line>
    <line>
      <![CDATA[<br>]]>
    </line>
    <line>
      <![CDATA[<br>]]>
    </line>
    <line>
      <![CDATA[<a target="_blank"href=Mon_May_21_10_01_54_EDT_2018.jpg)img src=Mon_May_21_10_01_54_EDT_2018.jpg height=200 width=200></img></a>]]>
    </line>
    <line>
      <![CDATA[Login Successfully not executed]]>
    </line>
    <line>
      <![CDATA[Click to see screenshot]]>
    </line>
    <line>
      <![CDATA[<a target="_blank"href=Mon_May_21_10_01_58_EDT_2018.jpg>Screenshot</a>]]>
    </line>
    <line>
      <![CDATA[<br>]]>
    </line>
    <line>
      <![CDATA[<br>]]>
    </line>
    <line>
      <![CDATA[<a target="_blank"href=Mon_May_21_10_01_58_EDT_2018.jpg)img src=Mon_May_21_10_01_58_EDT_2018.jpg height=200 width=200></img></a>]]>
    </line>
    <line>
      <![CDATA[Login Successfully not executed]]>
    </line>
    <line>
      <![CDATA[Click to see screenshot]]>
    </line>
    <line>
      <![CDATA[<a target="_blank"href=Mon_May_21_10_02_29_EDT_2018.jpg>Screenshot</a>]]>
    </line>
    <line>
      <![CDATA[<br>]]>
    </line>
    <line>
      <![CDATA[<br>]]>
    </line>
    <line>
      <![CDATA[<a target="_blank"href=Mon_May_21_10_02_29_EDT_2018.jpg)img src=Mon_May_21_10_02_29_EDT_2018.jpg height=200 width=200></img></a>]]>
    </line>
    <line>
      <![CDATA[Login Successfully not executed]]>
    </line>
    <line>
      <![CDATA[Click to see screenshot]]>
    </line>
    <line>
      <![CDATA[<a target="_blank"href=Mon_May_21_10_02_36_EDT_2018.jpg>Screenshot</a>]]>
    </line>
    <line>
      <![CDATA[<br>]]>
    </line>
    <line>
      <![CDATA[<br>]]>
    </line>
    <line>
      <![CDATA[<a target="_blank"href=Mon_May_21_10_02_36_EDT_2018.jpg)img src=Mon_May_21_10_02_36_EDT_2018.jpg height=200 width=200></img></a>]]>
    </line>
    <line>
      <![CDATA[Login Successfully not executed]]>
    </line>
    <line>
      <![CDATA[Click to see screenshot]]>
    </line>
    <line>
      <![CDATA[<a target="_blank"href=Mon_May_21_10_03_12_EDT_2018.jpg>Screenshot</a>]]>
    </line>
    <line>
      <![CDATA[<br>]]>
    </line>
    <line>
      <![CDATA[<br>]]>
    </line>
    <line>
      <![CDATA[<a target="_blank"href=Mon_May_21_10_03_12_EDT_2018.jpg)img src=Mon_May_21_10_03_12_EDT_2018.jpg height=200 width=200></img></a>]]>
    </line>
    <line>
      <![CDATA[Login Successfully not executed]]>
    </line>
    <line>
      <![CDATA[Click to see screenshot]]>
    </line>
    <line>
      <![CDATA[<a target="_blank"href=Mon_May_21_10_03_19_EDT_2018.jpg>Screenshot</a>]]>
    </line>
    <line>
      <![CDATA[<br>]]>
    </line>
    <line>
      <![CDATA[<br>]]>
    </line>
    <line>
      <![CDATA[<a target="_blank"href=Mon_May_21_10_03_19_EDT_2018.jpg)img src=Mon_May_21_10_03_19_EDT_2018.jpg height=200 width=200></img></a>]]>
    </line>
    <line>
      <![CDATA[Login Successfully not executed]]>
    </line>
    <line>
      <![CDATA[Click to see screenshot]]>
    </line>
    <line>
      <![CDATA[<a target="_blank"href=Mon_May_21_10_03_38_EDT_2018.jpg>Screenshot</a>]]>
    </line>
    <line>
      <![CDATA[<br>]]>
    </line>
    <line>
      <![CDATA[<br>]]>
    </line>
    <line>
      <![CDATA[<a target="_blank"href=Mon_May_21_10_03_38_EDT_2018.jpg)img src=Mon_May_21_10_03_38_EDT_2018.jpg height=200 width=200></img></a>]]>
    </line>
    <line>
      <![CDATA[Login Successfully not executed]]>
    </line>
    <line>
      <![CDATA[Click to see screenshot]]>
    </line>
    <line>
      <![CDATA[<a target="_blank"href=Mon_May_21_10_03_44_EDT_2018.jpg>Screenshot</a>]]>
    </line>
    <line>
      <![CDATA[<br>]]>
    </line>
    <line>
      <![CDATA[<br>]]>
    </line>
    <line>
      <![CDATA[<a target="_blank"href=Mon_May_21_10_03_44_EDT_2018.jpg)img src=Mon_May_21_10_03_44_EDT_2018.jpg height=200 width=200></img></a>]]>
    </line>
    <line>
      <![CDATA[Login Successfully not executed]]>
    </line>
    <line>
      <![CDATA[Click to see screenshot]]>
    </line>
    <line>
      <![CDATA[<a target="_blank"href=Mon_May_21_10_05_03_EDT_2018.jpg>Screenshot</a>]]>
    </line>
    <line>
      <![CDATA[<br>]]>
    </line>
    <line>
      <![CDATA[<br>]]>
    </line>
    <line>
      <![CDATA[<a target="_blank"href=Mon_May_21_10_05_03_EDT_2018.jpg)img src=Mon_May_21_10_05_03_EDT_2018.jpg height=200 width=200></img></a>]]>
    </line>
    <line>
      <![CDATA[Login Successfully not executed]]>
    </line>
    <line>
      <![CDATA[Click to see screenshot]]>
    </line>
    <line>
      <![CDATA[<a target="_blank"href=Mon_May_21_10_05_11_EDT_2018.jpg>Screenshot</a>]]>
    </line>
    <line>
      <![CDATA[<br>]]>
    </line>
    <line>
      <![CDATA[<br>]]>
    </line>
    <line>
      <![CDATA[<a target="_blank"href=Mon_May_21_10_05_11_EDT_2018.jpg)img src=Mon_May_21_10_05_11_EDT_2018.jpg height=200 width=200></img></a>]]>
    </line>
    <line>
      <![CDATA[Login Successfully not executed]]>
    </line>
    <line>
      <![CDATA[Click to see screenshot]]>
    </line>
    <line>
      <![CDATA[<a target="_blank"href=Mon_May_21_10_06_25_EDT_2018.jpg>Screenshot</a>]]>
    </line>
    <line>
      <![CDATA[<br>]]>
    </line>
    <line>
      <![CDATA[<br>]]>
    </line>
    <line>
      <![CDATA[<a target="_blank"href=Mon_May_21_10_06_25_EDT_2018.jpg)img src=Mon_May_21_10_06_25_EDT_2018.jpg height=200 width=200></img></a>]]>
    </line>
    <line>
      <![CDATA[Login Successfully not executed]]>
    </line>
    <line>
      <![CDATA[Click to see screenshot]]>
    </line>
    <line>
      <![CDATA[<a target="_blank"href=Mon_May_21_10_06_32_EDT_2018.jpg>Screenshot</a>]]>
    </line>
    <line>
      <![CDATA[<br>]]>
    </line>
    <line>
      <![CDATA[<br>]]>
    </line>
    <line>
      <![CDATA[<a target="_blank"href=Mon_May_21_10_06_32_EDT_2018.jpg)img src=Mon_May_21_10_06_32_EDT_2018.jpg height=200 width=200></img></a>]]>
    </line>
    <line>
      <![CDATA[Login Successfully not executed]]>
    </line>
    <line>
      <![CDATA[Click to see screenshot]]>
    </line>
    <line>
      <![CDATA[<a target="_blank"href=Mon_May_21_10_08_05_EDT_2018.jpg>Screenshot</a>]]>
    </line>
    <line>
      <![CDATA[<br>]]>
    </line>
    <line>
      <![CDATA[<br>]]>
    </line>
    <line>
      <![CDATA[<a target="_blank"href=Mon_May_21_10_08_05_EDT_2018.jpg)img src=Mon_May_21_10_08_05_EDT_2018.jpg height=200 width=200></img></a>]]>
    </line>
    <line>
      <![CDATA[Login Successfully not executed]]>
    </line>
    <line>
      <![CDATA[Click to see screenshot]]>
    </line>
    <line>
      <![CDATA[<a target="_blank"href=Mon_May_21_10_08_13_EDT_2018.jpg>Screenshot</a>]]>
    </line>
    <line>
      <![CDATA[<br>]]>
    </line>
    <line>
      <![CDATA[<br>]]>
    </line>
    <line>
      <![CDATA[<a target="_blank"href=Mon_May_21_10_08_13_EDT_2018.jpg)img src=Mon_May_21_10_08_13_EDT_2018.jpg height=200 width=200></img></a>]]>
    </line>
    <line>
      <![CDATA[Login Successfully not executed]]>
    </line>
    <line>
      <![CDATA[Click to see screenshot]]>
    </line>
    <line>
      <![CDATA[<a target="_blank"href=Mon_May_21_10_09_40_EDT_2018.jpg>Screenshot</a>]]>
    </line>
    <line>
      <![CDATA[<br>]]>
    </line>
    <line>
      <![CDATA[<br>]]>
    </line>
    <line>
      <![CDATA[<a target="_blank"href=Mon_May_21_10_09_40_EDT_2018.jpg)img src=Mon_May_21_10_09_40_EDT_2018.jpg height=200 width=200></img></a>]]>
    </line>
    <line>
      <![CDATA[Login Successfully not executed]]>
    </line>
    <line>
      <![CDATA[Click to see screenshot]]>
    </line>
    <line>
      <![CDATA[<a target="_blank"href=Mon_May_21_10_09_47_EDT_2018.jpg>Screenshot</a>]]>
    </line>
    <line>
      <![CDATA[<br>]]>
    </line>
    <line>
      <![CDATA[<br>]]>
    </line>
    <line>
      <![CDATA[<a target="_blank"href=Mon_May_21_10_09_47_EDT_2018.jpg)img src=Mon_May_21_10_09_47_EDT_2018.jpg height=200 width=200></img></a>]]>
    </line>
    <line>
      <![CDATA[Login Successfully not executed]]>
    </line>
    <line>
      <![CDATA[Click to see screenshot]]>
    </line>
    <line>
      <![CDATA[<a target="_blank"href=Mon_May_21_10_11_22_EDT_2018.jpg>Screenshot</a>]]>
    </line>
    <line>
      <![CDATA[<br>]]>
    </line>
    <line>
      <![CDATA[<br>]]>
    </line>
    <line>
      <![CDATA[<a target="_blank"href=Mon_May_21_10_11_22_EDT_2018.jpg)img src=Mon_May_21_10_11_22_EDT_2018.jpg height=200 width=200></img></a>]]>
    </line>
    <line>
      <![CDATA[Login Successfully not executed]]>
    </line>
    <line>
      <![CDATA[Click to see screenshot]]>
    </line>
    <line>
      <![CDATA[<a target="_blank"href=Mon_May_21_10_11_29_EDT_2018.jpg>Screenshot</a>]]>
    </line>
    <line>
      <![CDATA[<br>]]>
    </line>
    <line>
      <![CDATA[<br>]]>
    </line>
    <line>
      <![CDATA[<a target="_blank"href=Mon_May_21_10_11_29_EDT_2018.jpg)img src=Mon_May_21_10_11_29_EDT_2018.jpg height=200 width=200></img></a>]]>
    </line>
    <line>
      <![CDATA[Login Successfully not executed]]>
    </line>
    <line>
      <![CDATA[Click to see screenshot]]>
    </line>
    <line>
      <![CDATA[<a target="_blank"href=Mon_May_21_10_12_31_EDT_2018.jpg>Screenshot</a>]]>
    </line>
    <line>
      <![CDATA[<br>]]>
    </line>
    <line>
      <![CDATA[<br>]]>
    </line>
    <line>
      <![CDATA[<a target="_blank"href=Mon_May_21_10_12_31_EDT_2018.jpg)img src=Mon_May_21_10_12_31_EDT_2018.jpg height=200 width=200></img></a>]]>
    </line>
    <line>
      <![CDATA[Login Successfully not executed]]>
    </line>
    <line>
      <![CDATA[Click to see screenshot]]>
    </line>
    <line>
      <![CDATA[<a target="_blank"href=Mon_May_21_10_12_37_EDT_2018.jpg>Screenshot</a>]]>
    </line>
    <line>
      <![CDATA[<br>]]>
    </line>
    <line>
      <![CDATA[<br>]]>
    </line>
    <line>
      <![CDATA[<a target="_blank"href=Mon_May_21_10_12_37_EDT_2018.jpg)img src=Mon_May_21_10_12_37_EDT_2018.jpg height=200 width=200></img></a>]]>
    </line>
    <line>
      <![CDATA[Login Successfully not executed]]>
    </line>
    <line>
      <![CDATA[Click to see screenshot]]>
    </line>
    <line>
      <![CDATA[<a target="_blank"href=Mon_May_21_10_13_32_EDT_2018.jpg>Screenshot</a>]]>
    </line>
    <line>
      <![CDATA[<br>]]>
    </line>
    <line>
      <![CDATA[<br>]]>
    </line>
    <line>
      <![CDATA[<a target="_blank"href=Mon_May_21_10_13_32_EDT_2018.jpg)img src=Mon_May_21_10_13_32_EDT_2018.jpg height=200 width=200></img></a>]]>
    </line>
    <line>
      <![CDATA[Login Successfully not executed]]>
    </line>
    <line>
      <![CDATA[Click to see screenshot]]>
    </line>
    <line>
      <![CDATA[<a target="_blank"href=Mon_May_21_10_13_39_EDT_2018.jpg>Screenshot</a>]]>
    </line>
    <line>
      <![CDATA[<br>]]>
    </line>
    <line>
      <![CDATA[<br>]]>
    </line>
    <line>
      <![CDATA[<a target="_blank"href=Mon_May_21_10_13_39_EDT_2018.jpg)img src=Mon_May_21_10_13_39_EDT_2018.jpg height=200 width=200></img></a>]]>
    </line>
    <line>
      <![CDATA[Login Successfully not executed]]>
    </line>
    <line>
      <![CDATA[Click to see screenshot]]>
    </line>
    <line>
      <![CDATA[<a target="_blank"href=Mon_May_21_10_14_29_EDT_2018.jpg>Screenshot</a>]]>
    </line>
    <line>
      <![CDATA[<br>]]>
    </line>
    <line>
      <![CDATA[<br>]]>
    </line>
    <line>
      <![CDATA[<a target="_blank"href=Mon_May_21_10_14_29_EDT_2018.jpg)img src=Mon_May_21_10_14_29_EDT_2018.jpg height=200 width=200></img></a>]]>
    </line>
    <line>
      <![CDATA[Login Successfully not executed]]>
    </line>
    <line>
      <![CDATA[Click to see screenshot]]>
    </line>
    <line>
      <![CDATA[<a target="_blank"href=Mon_May_21_10_14_36_EDT_2018.jpg>Screenshot</a>]]>
    </line>
    <line>
      <![CDATA[<br>]]>
    </line>
    <line>
      <![CDATA[<br>]]>
    </line>
    <line>
      <![CDATA[<a target="_blank"href=Mon_May_21_10_14_36_EDT_2018.jpg)img src=Mon_May_21_10_14_36_EDT_2018.jpg height=200 width=200></img></a>]]>
    </line>
    <line>
      <![CDATA[Login Successfully not executed]]>
    </line>
    <line>
      <![CDATA[Click to see screenshot]]>
    </line>
    <line>
      <![CDATA[<a target="_blank"href=Mon_May_21_10_15_26_EDT_2018.jpg>Screenshot</a>]]>
    </line>
    <line>
      <![CDATA[<br>]]>
    </line>
    <line>
      <![CDATA[<br>]]>
    </line>
    <line>
      <![CDATA[<a target="_blank"href=Mon_May_21_10_15_26_EDT_2018.jpg)img src=Mon_May_21_10_15_26_EDT_2018.jpg height=200 width=200></img></a>]]>
    </line>
    <line>
      <![CDATA[Login Successfully not executed]]>
    </line>
    <line>
      <![CDATA[Click to see screenshot]]>
    </line>
    <line>
      <![CDATA[<a target="_blank"href=Mon_May_21_10_15_32_EDT_2018.jpg>Screenshot</a>]]>
    </line>
    <line>
      <![CDATA[<br>]]>
    </line>
    <line>
      <![CDATA[<br>]]>
    </line>
    <line>
      <![CDATA[<a target="_blank"href=Mon_May_21_10_15_32_EDT_2018.jpg)img src=Mon_May_21_10_15_32_EDT_2018.jpg height=200 width=200></img></a>]]>
    </line>
    <line>
      <![CDATA[Login Successfully not executed]]>
    </line>
    <line>
      <![CDATA[Click to see screenshot]]>
    </line>
    <line>
      <![CDATA[<a target="_blank"href=Mon_May_21_10_15_41_EDT_2018.jpg>Screenshot</a>]]>
    </line>
    <line>
      <![CDATA[<br>]]>
    </line>
    <line>
      <![CDATA[<br>]]>
    </line>
    <line>
      <![CDATA[<a target="_blank"href=Mon_May_21_10_15_41_EDT_2018.jpg)img src=Mon_May_21_10_15_41_EDT_2018.jpg height=200 width=200></img></a>]]>
    </line>
    <line>
      <![CDATA[Login Successfully not executed]]>
    </line>
    <line>
      <![CDATA[Click to see screenshot]]>
    </line>
    <line>
      <![CDATA[<a target="_blank"href=Mon_May_21_10_15_48_EDT_2018.jpg>Screenshot</a>]]>
    </line>
    <line>
      <![CDATA[<br>]]>
    </line>
    <line>
      <![CDATA[<br>]]>
    </line>
    <line>
      <![CDATA[<a target="_blank"href=Mon_May_21_10_15_48_EDT_2018.jpg)img src=Mon_May_21_10_15_48_EDT_2018.jpg height=200 width=200></img></a>]]>
    </line>
    <line>
      <![CDATA[Login Successfully not executed]]>
    </line>
    <line>
      <![CDATA[Click to see screenshot]]>
    </line>
    <line>
      <![CDATA[<a target="_blank"href=Mon_May_21_10_16_12_EDT_2018.jpg>Screenshot</a>]]>
    </line>
    <line>
      <![CDATA[<br>]]>
    </line>
    <line>
      <![CDATA[<br>]]>
    </line>
    <line>
      <![CDATA[<a target="_blank"href=Mon_May_21_10_16_12_EDT_2018.jpg)img src=Mon_May_21_10_16_12_EDT_2018.jpg height=200 width=200></img></a>]]>
    </line>
    <line>
      <![CDATA[Login Successfully not executed]]>
    </line>
    <line>
      <![CDATA[Click to see screenshot]]>
    </line>
    <line>
      <![CDATA[<a target="_blank"href=Mon_May_21_10_16_19_EDT_2018.jpg>Screenshot</a>]]>
    </line>
    <line>
      <![CDATA[<br>]]>
    </line>
    <line>
      <![CDATA[<br>]]>
    </line>
    <line>
      <![CDATA[<a target="_blank"href=Mon_May_21_10_16_19_EDT_2018.jpg)img src=Mon_May_21_10_16_19_EDT_2018.jpg height=200 width=200></img></a>]]>
    </line>
    <line>
      <![CDATA[Login Successfully not executed]]>
    </line>
    <line>
      <![CDATA[Click to see screenshot]]>
    </line>
    <line>
      <![CDATA[<a target="_blank"href=Mon_May_21_10_16_41_EDT_2018.jpg>Screenshot</a>]]>
    </line>
    <line>
      <![CDATA[<br>]]>
    </line>
    <line>
      <![CDATA[<br>]]>
    </line>
    <line>
      <![CDATA[<a target="_blank"href=Mon_May_21_10_16_41_EDT_2018.jpg)img src=Mon_May_21_10_16_41_EDT_2018.jpg height=200 width=200></img></a>]]>
    </line>
    <line>
      <![CDATA[Login Successfully not executed]]>
    </line>
    <line>
      <![CDATA[Click to see screenshot]]>
    </line>
    <line>
      <![CDATA[<a target="_blank"href=Mon_May_21_10_16_47_EDT_2018.jpg>Screenshot</a>]]>
    </line>
    <line>
      <![CDATA[<br>]]>
    </line>
    <line>
      <![CDATA[<br>]]>
    </line>
    <line>
      <![CDATA[<a target="_blank"href=Mon_May_21_10_16_47_EDT_2018.jpg)img src=Mon_May_21_10_16_47_EDT_2018.jpg height=200 width=200></img></a>]]>
    </line>
    <line>
      <![CDATA[Login Successfully not executed]]>
    </line>
    <line>
      <![CDATA[Click to see screenshot]]>
    </line>
    <line>
      <![CDATA[<a target="_blank"href=Mon_May_21_10_17_09_EDT_2018.jpg>Screenshot</a>]]>
    </line>
    <line>
      <![CDATA[<br>]]>
    </line>
    <line>
      <![CDATA[<br>]]>
    </line>
    <line>
      <![CDATA[<a target="_blank"href=Mon_May_21_10_17_09_EDT_2018.jpg)img src=Mon_May_21_10_17_09_EDT_2018.jpg height=200 width=200></img></a>]]>
    </line>
    <line>
      <![CDATA[Login Successfully not executed]]>
    </line>
    <line>
      <![CDATA[Click to see screenshot]]>
    </line>
    <line>
      <![CDATA[<a target="_blank"href=Mon_May_21_10_17_16_EDT_2018.jpg>Screenshot</a>]]>
    </line>
    <line>
      <![CDATA[<br>]]>
    </line>
    <line>
      <![CDATA[<br>]]>
    </line>
    <line>
      <![CDATA[<a target="_blank"href=Mon_May_21_10_17_16_EDT_2018.jpg)img src=Mon_May_21_10_17_16_EDT_2018.jpg height=200 width=200></img></a>]]>
    </line>
    <line>
      <![CDATA[Login Successfully not executed]]>
    </line>
    <line>
      <![CDATA[Click to see screenshot]]>
    </line>
    <line>
      <![CDATA[<a target="_blank"href=Mon_May_21_10_18_02_EDT_2018.jpg>Screenshot</a>]]>
    </line>
    <line>
      <![CDATA[<br>]]>
    </line>
    <line>
      <![CDATA[<br>]]>
    </line>
    <line>
      <![CDATA[<a target="_blank"href=Mon_May_21_10_18_02_EDT_2018.jpg)img src=Mon_May_21_10_18_02_EDT_2018.jpg height=200 width=200></img></a>]]>
    </line>
    <line>
      <![CDATA[Login Successfully not executed]]>
    </line>
    <line>
      <![CDATA[Click to see screenshot]]>
    </line>
    <line>
      <![CDATA[<a target="_blank"href=Mon_May_21_10_18_08_EDT_2018.jpg>Screenshot</a>]]>
    </line>
    <line>
      <![CDATA[<br>]]>
    </line>
    <line>
      <![CDATA[<br>]]>
    </line>
    <line>
      <![CDATA[<a target="_blank"href=Mon_May_21_10_18_08_EDT_2018.jpg)img src=Mon_May_21_10_18_08_EDT_2018.jpg height=200 width=200></img></a>]]>
    </line>
    <line>
      <![CDATA[Login Successfully not executed]]>
    </line>
    <line>
      <![CDATA[<br>Verification failure : expected [1 records found] but found [0 records found]<br>]]>
    </line>
    <line>
      <![CDATA[<a target="_blank"href=Mon_May_21_10_18_30_EDT_2018.jpg)img src=Mon_May_21_10_18_30_EDT_2018.jpg height=200 width=200></img></a>]]>
    </line>
    <line>
      <![CDATA[<br>]]>
    </line>
    <line>
      <![CDATA[<br>]]>
    </line>
    <line>
      <![CDATA[Click to see screenshot]]>
    </line>
    <line>
      <![CDATA[<a target="_blank"href=Mon_May_21_10_18_31_EDT_2018.jpg>Screenshot</a>]]>
    </line>
    <line>
      <![CDATA[<br>]]>
    </line>
    <line>
      <![CDATA[<br>]]>
    </line>
    <line>
      <![CDATA[<a target="_blank"href=Mon_May_21_10_18_31_EDT_2018.jpg)img src=Mon_May_21_10_18_31_EDT_2018.jpg height=200 width=200></img></a>]]>
    </line>
    <line>
      <![CDATA[Login Successfully not executed]]>
    </line>
    <line>
      <![CDATA[Click to see screenshot]]>
    </line>
    <line>
      <![CDATA[<a target="_blank"href=Mon_May_21_10_18_37_EDT_2018.jpg>Screenshot</a>]]>
    </line>
    <line>
      <![CDATA[<br>]]>
    </line>
    <line>
      <![CDATA[<br>]]>
    </line>
    <line>
      <![CDATA[<a target="_blank"href=Mon_May_21_10_18_37_EDT_2018.jpg)img src=Mon_May_21_10_18_37_EDT_2018.jpg height=200 width=200></img></a>]]>
    </line>
    <line>
      <![CDATA[Login Successfully not executed]]>
    </line>
    <line>
      <![CDATA[Click to see screenshot]]>
    </line>
    <line>
      <![CDATA[<a target="_blank"href=Mon_May_21_10_19_14_EDT_2018.jpg>Screenshot</a>]]>
    </line>
    <line>
      <![CDATA[<br>]]>
    </line>
    <line>
      <![CDATA[<br>]]>
    </line>
    <line>
      <![CDATA[<a target="_blank"href=Mon_May_21_10_19_14_EDT_2018.jpg)img src=Mon_May_21_10_19_14_EDT_2018.jpg height=200 width=200></img></a>]]>
    </line>
    <line>
      <![CDATA[Login Successfully not executed]]>
    </line>
    <line>
      <![CDATA[Click to see screenshot]]>
    </line>
    <line>
      <![CDATA[<a target="_blank"href=Mon_May_21_10_19_20_EDT_2018.jpg>Screenshot</a>]]>
    </line>
    <line>
      <![CDATA[<br>]]>
    </line>
    <line>
      <![CDATA[<br>]]>
    </line>
    <line>
      <![CDATA[<a target="_blank"href=Mon_May_21_10_19_20_EDT_2018.jpg)img src=Mon_May_21_10_19_20_EDT_2018.jpg height=200 width=200></img></a>]]>
    </line>
    <line>
      <![CDATA[Login Successfully not executed]]>
    </line>
    <line>
      <![CDATA[Click to see screenshot]]>
    </line>
    <line>
      <![CDATA[<a target="_blank"href=Mon_May_21_10_20_02_EDT_2018.jpg>Screenshot</a>]]>
    </line>
    <line>
      <![CDATA[<br>]]>
    </line>
    <line>
      <![CDATA[<br>]]>
    </line>
    <line>
      <![CDATA[<a target="_blank"href=Mon_May_21_10_20_02_EDT_2018.jpg)img src=Mon_May_21_10_20_02_EDT_2018.jpg height=200 width=200></img></a>]]>
    </line>
    <line>
      <![CDATA[Login Successfully not executed]]>
    </line>
    <line>
      <![CDATA[Click to see screenshot]]>
    </line>
    <line>
      <![CDATA[<a target="_blank"href=Mon_May_21_10_20_09_EDT_2018.jpg>Screenshot</a>]]>
    </line>
    <line>
      <![CDATA[<br>]]>
    </line>
    <line>
      <![CDATA[<br>]]>
    </line>
    <line>
      <![CDATA[<a target="_blank"href=Mon_May_21_10_20_09_EDT_2018.jpg)img src=Mon_May_21_10_20_09_EDT_2018.jpg height=200 width=200></img></a>]]>
    </line>
    <line>
      <![CDATA[Login Successfully not executed]]>
    </line>
    <line>
      <![CDATA[Click to see screenshot]]>
    </line>
    <line>
      <![CDATA[<a target="_blank"href=Mon_May_21_10_20_34_EDT_2018.jpg>Screenshot</a>]]>
    </line>
    <line>
      <![CDATA[<br>]]>
    </line>
    <line>
      <![CDATA[<br>]]>
    </line>
    <line>
      <![CDATA[<a target="_blank"href=Mon_May_21_10_20_34_EDT_2018.jpg)img src=Mon_May_21_10_20_34_EDT_2018.jpg height=200 width=200></img></a>]]>
    </line>
    <line>
      <![CDATA[Login Successfully not executed]]>
    </line>
    <line>
      <![CDATA[Click to see screenshot]]>
    </line>
    <line>
      <![CDATA[<a target="_blank"href=Mon_May_21_10_20_39_EDT_2018.jpg>Screenshot</a>]]>
    </line>
    <line>
      <![CDATA[<br>]]>
    </line>
    <line>
      <![CDATA[<br>]]>
    </line>
    <line>
      <![CDATA[<a target="_blank"href=Mon_May_21_10_20_39_EDT_2018.jpg)img src=Mon_May_21_10_20_39_EDT_2018.jpg height=200 width=200></img></a>]]>
    </line>
    <line>
      <![CDATA[Login Successfully not executed]]>
    </line>
    <line>
      <![CDATA[Click to see screenshot]]>
    </line>
    <line>
      <![CDATA[<a target="_blank"href=Mon_May_21_10_20_59_EDT_2018.jpg>Screenshot</a>]]>
    </line>
    <line>
      <![CDATA[<br>]]>
    </line>
    <line>
      <![CDATA[<br>]]>
    </line>
    <line>
      <![CDATA[<a target="_blank"href=Mon_May_21_10_20_59_EDT_2018.jpg)img src=Mon_May_21_10_20_59_EDT_2018.jpg height=200 width=200></img></a>]]>
    </line>
    <line>
      <![CDATA[Login Successfully not executed]]>
    </line>
    <line>
      <![CDATA[Click to see screenshot]]>
    </line>
    <line>
      <![CDATA[<a target="_blank"href=Mon_May_21_10_21_05_EDT_2018.jpg>Screenshot</a>]]>
    </line>
    <line>
      <![CDATA[<br>]]>
    </line>
    <line>
      <![CDATA[<br>]]>
    </line>
    <line>
      <![CDATA[<a target="_blank"href=Mon_May_21_10_21_05_EDT_2018.jpg)img src=Mon_May_21_10_21_05_EDT_2018.jpg height=200 width=200></img></a>]]>
    </line>
    <line>
      <![CDATA[Login Successfully not executed]]>
    </line>
    <line>
      <![CDATA[Click to see screenshot]]>
    </line>
    <line>
      <![CDATA[<a target="_blank"href=Mon_May_21_10_21_28_EDT_2018.jpg>Screenshot</a>]]>
    </line>
    <line>
      <![CDATA[<br>]]>
    </line>
    <line>
      <![CDATA[<br>]]>
    </line>
    <line>
      <![CDATA[<a target="_blank"href=Mon_May_21_10_21_28_EDT_2018.jpg)img src=Mon_May_21_10_21_28_EDT_2018.jpg height=200 width=200></img></a>]]>
    </line>
    <line>
      <![CDATA[Login Successfully not executed]]>
    </line>
    <line>
      <![CDATA[Click to see screenshot]]>
    </line>
    <line>
      <![CDATA[<a target="_blank"href=Mon_May_21_10_21_34_EDT_2018.jpg>Screenshot</a>]]>
    </line>
    <line>
      <![CDATA[<br>]]>
    </line>
    <line>
      <![CDATA[<br>]]>
    </line>
    <line>
      <![CDATA[<a target="_blank"href=Mon_May_21_10_21_34_EDT_2018.jpg)img src=Mon_May_21_10_21_34_EDT_2018.jpg height=200 width=200></img></a>]]>
    </line>
    <line>
      <![CDATA[Login Successfully not executed]]>
    </line>
    <line>
      <![CDATA[Click to see screenshot]]>
    </line>
    <line>
      <![CDATA[<a target="_blank"href=Mon_May_21_10_21_54_EDT_2018.jpg>Screenshot</a>]]>
    </line>
    <line>
      <![CDATA[<br>]]>
    </line>
    <line>
      <![CDATA[<br>]]>
    </line>
    <line>
      <![CDATA[<a target="_blank"href=Mon_May_21_10_21_54_EDT_2018.jpg)img src=Mon_May_21_10_21_54_EDT_2018.jpg height=200 width=200></img></a>]]>
    </line>
    <line>
      <![CDATA[Login Successfully not executed]]>
    </line>
    <line>
      <![CDATA[Click to see screenshot]]>
    </line>
    <line>
      <![CDATA[<a target="_blank"href=Mon_May_21_10_22_00_EDT_2018.jpg>Screenshot</a>]]>
    </line>
    <line>
      <![CDATA[<br>]]>
    </line>
    <line>
      <![CDATA[<br>]]>
    </line>
    <line>
      <![CDATA[<a target="_blank"href=Mon_May_21_10_22_00_EDT_2018.jpg)img src=Mon_May_21_10_22_00_EDT_2018.jpg height=200 width=200></img></a>]]>
    </line>
    <line>
      <![CDATA[Login Successfully not executed]]>
    </line>
    <line>
      <![CDATA[Click to see screenshot]]>
    </line>
    <line>
      <![CDATA[<a target="_blank"href=Mon_May_21_10_22_35_EDT_2018.jpg>Screenshot</a>]]>
    </line>
    <line>
      <![CDATA[<br>]]>
    </line>
    <line>
      <![CDATA[<br>]]>
    </line>
    <line>
      <![CDATA[<a target="_blank"href=Mon_May_21_10_22_35_EDT_2018.jpg)img src=Mon_May_21_10_22_35_EDT_2018.jpg height=200 width=200></img></a>]]>
    </line>
    <line>
      <![CDATA[Login Successfully not executed]]>
    </line>
    <line>
      <![CDATA[Click to see screenshot]]>
    </line>
    <line>
      <![CDATA[<a target="_blank"href=Mon_May_21_10_22_42_EDT_2018.jpg>Screenshot</a>]]>
    </line>
    <line>
      <![CDATA[<br>]]>
    </line>
    <line>
      <![CDATA[<br>]]>
    </line>
    <line>
      <![CDATA[<a target="_blank"href=Mon_May_21_10_22_42_EDT_2018.jpg)img src=Mon_May_21_10_22_42_EDT_2018.jpg height=200 width=200></img></a>]]>
    </line>
    <line>
      <![CDATA[Login Successfully not executed]]>
    </line>
    <line>
      <![CDATA[<br>Verification failure : expected [0 records found] but found [1 records found]<br>]]>
    </line>
    <line>
      <![CDATA[<a target="_blank"href=Mon_May_21_10_23_20_EDT_2018.jpg)img src=Mon_May_21_10_23_20_EDT_2018.jpg height=200 width=200></img></a>]]>
    </line>
    <line>
      <![CDATA[<br>]]>
    </line>
    <line>
      <![CDATA[<br>]]>
    </line>
    <line>
      <![CDATA[Click to see screenshot]]>
    </line>
    <line>
      <![CDATA[<a target="_blank"href=Mon_May_21_10_23_21_EDT_2018.jpg>Screenshot</a>]]>
    </line>
    <line>
      <![CDATA[<br>]]>
    </line>
    <line>
      <![CDATA[<br>]]>
    </line>
    <line>
      <![CDATA[<a target="_blank"href=Mon_May_21_10_23_21_EDT_2018.jpg)img src=Mon_May_21_10_23_21_EDT_2018.jpg height=200 width=200></img></a>]]>
    </line>
    <line>
      <![CDATA[Login Successfully not executed]]>
    </line>
    <line>
      <![CDATA[Click to see screenshot]]>
    </line>
    <line>
      <![CDATA[<a target="_blank"href=Mon_May_21_10_23_27_EDT_2018.jpg>Screenshot</a>]]>
    </line>
    <line>
      <![CDATA[<br>]]>
    </line>
    <line>
      <![CDATA[<br>]]>
    </line>
    <line>
      <![CDATA[<a target="_blank"href=Mon_May_21_10_23_27_EDT_2018.jpg)img src=Mon_May_21_10_23_27_EDT_2018.jpg height=200 width=200></img></a>]]>
    </line>
    <line>
      <![CDATA[Login Successfully not executed]]>
    </line>
    <line>
      <![CDATA[<br>Verification failure : expected [  Found 1 User(s)] but found [Found 1 User(s)]<br>]]>
    </line>
    <line>
      <![CDATA[<a target="_blank"href=Mon_May_21_10_24_38_EDT_2018.jpg)img src=Mon_May_21_10_24_38_EDT_2018.jpg height=200 width=200></img></a>]]>
    </line>
    <line>
      <![CDATA[<br>]]>
    </line>
    <line>
      <![CDATA[<br>]]>
    </line>
    <line>
      <![CDATA[Click to see screenshot]]>
    </line>
    <line>
      <![CDATA[<a target="_blank"href=Mon_May_21_10_24_38_EDT_2018.jpg>Screenshot</a>]]>
    </line>
    <line>
      <![CDATA[<br>]]>
    </line>
    <line>
      <![CDATA[<br>]]>
    </line>
    <line>
      <![CDATA[<a target="_blank"href=Mon_May_21_10_24_38_EDT_2018.jpg)img src=Mon_May_21_10_24_38_EDT_2018.jpg height=200 width=200></img></a>]]>
    </line>
    <line>
      <![CDATA[Login Successfully not executed]]>
    </line>
    <line>
      <![CDATA[Click to see screenshot]]>
    </line>
    <line>
      <![CDATA[<a target="_blank"href=Mon_May_21_10_24_45_EDT_2018.jpg>Screenshot</a>]]>
    </line>
    <line>
      <![CDATA[<br>]]>
    </line>
    <line>
      <![CDATA[<br>]]>
    </line>
    <line>
      <![CDATA[<a target="_blank"href=Mon_May_21_10_24_45_EDT_2018.jpg)img src=Mon_May_21_10_24_45_EDT_2018.jpg height=200 width=200></img></a>]]>
    </line>
    <line>
      <![CDATA[Login Successfully not executed]]>
    </line>
    <line>
      <![CDATA[Click to see screenshot]]>
    </line>
    <line>
      <![CDATA[<a target="_blank"href=Mon_May_21_10_25_44_EDT_2018.jpg>Screenshot</a>]]>
    </line>
    <line>
      <![CDATA[<br>]]>
    </line>
    <line>
      <![CDATA[<br>]]>
    </line>
    <line>
      <![CDATA[<a target="_blank"href=Mon_May_21_10_25_44_EDT_2018.jpg)img src=Mon_May_21_10_25_44_EDT_2018.jpg height=200 width=200></img></a>]]>
    </line>
    <line>
      <![CDATA[Login Successfully not executed]]>
    </line>
  </reporter-output>
  <suite name="PMEPrvovision" duration-ms="1434647" started-at="2018-05-21T14:01:50Z" finished-at="2018-05-21T14:25:44Z">
    <groups>
    </groups>
    <test name=" ProvisionLogin Test" duration-ms="3944" started-at="2018-05-21T14:01:50Z" finished-at="2018-05-21T14:01:54Z">
      <class name="Testcases.LoginTest">
        <test-method status="PASS" signature="loginasPMEAdmin(java.lang.String, java.lang.String)[pri:0, instance:Testcases.LoginTest@6ff29830]" name="loginasPMEAdmin" duration-ms="2970" started-at="2018-05-21T14:01:50Z" data-provider="getData" finished-at="2018-05-21T14:01:53Z">
          <params>
            <param index="0">
              <value>
                <![CDATA[provisionhgulia]]>
              </value>
            </param>
            <param index="1">
              <value>
                <![CDATA[Manu$1980]]>
              </value>
            </param>
          </params>
          <reporter-output>
            <line>
              <![CDATA[Click to see screenshot]]>
            </line>
            <line>
              <![CDATA[<a target="_blank"href=Mon_May_21_10_01_54_EDT_2018.jpg>Screenshot</a>]]>
            </line>
            <line>
              <![CDATA[<br>]]>
            </line>
            <line>
              <![CDATA[<br>]]>
            </line>
            <line>
              <![CDATA[<a target="_blank"href=Mon_May_21_10_01_54_EDT_2018.jpg)img src=Mon_May_21_10_01_54_EDT_2018.jpg height=200 width=200></img></a>]]>
            </line>
            <line>
              <![CDATA[Login Successfully not executed]]>
            </line>
          </reporter-output>
        </test-method> <!-- loginasPMEAdmin -->
      </class> <!-- Testcases.LoginTest -->
    </test> <!--  ProvisionLogin Test -->
    <test name=" Provision Jobs Hunt List Test" duration-ms="78572" started-at="2018-05-21T14:01:54Z" finished-at="2018-05-21T14:03:12Z">
      <class name="Testcases.ProvisionHuntListTest">
        <test-method status="PASS" signature="mainPageOpenHuntList()[pri:1, instance:Testcases.ProvisionHuntListTest@2f54a33d]" name="mainPageOpenHuntList" duration-ms="4331" started-at="2018-05-21T14:01:54Z" finished-at="2018-05-21T14:01:58Z">
          <reporter-output>
            <line>
              <![CDATA[Click to see screenshot]]>
            </line>
            <line>
              <![CDATA[<a target="_blank"href=Mon_May_21_10_01_58_EDT_2018.jpg>Screenshot</a>]]>
            </line>
            <line>
              <![CDATA[<br>]]>
            </line>
            <line>
              <![CDATA[<br>]]>
            </line>
            <line>
              <![CDATA[<a target="_blank"href=Mon_May_21_10_01_58_EDT_2018.jpg)img src=Mon_May_21_10_01_58_EDT_2018.jpg height=200 width=200></img></a>]]>
            </line>
            <line>
              <![CDATA[Login Successfully not executed]]>
            </line>
          </reporter-output>
        </test-method> <!-- mainPageOpenHuntList -->
        <test-method status="PASS" signature="provisionHuntList(java.lang.String, java.lang.String, java.lang.String, java.lang.String, java.lang.String)[pri:2, instance:Testcases.ProvisionHuntListTest@2f54a33d]" name="provisionHuntList" duration-ms="30504" started-at="2018-05-21T14:01:58Z" data-provider="getData" finished-at="2018-05-21T14:02:29Z">
          <params>
            <param index="0">
              <value>
                <![CDATA[18002345998]]>
              </value>
            </param>
            <param index="1">
              <value>
                <![CDATA[00 Hunt List QA Auto 054]]>
              </value>
            </param>
            <param index="2">
              <value>
                <![CDATA[Line Group QA Auto 56]]>
              </value>
            </param>
            <param index="3">
              <value>
                <![CDATA[https://192.168.110.81/ccmadmin/]]>
              </value>
            </param>
            <param index="4">
              <value>
                <![CDATA[https://192.168.110.82/cuadmin/]]>
              </value>
            </param>
          </params>
          <reporter-output>
            <line>
              <![CDATA[Click to see screenshot]]>
            </line>
            <line>
              <![CDATA[<a target="_blank"href=Mon_May_21_10_02_29_EDT_2018.jpg>Screenshot</a>]]>
            </line>
            <line>
              <![CDATA[<br>]]>
            </line>
            <line>
              <![CDATA[<br>]]>
            </line>
            <line>
              <![CDATA[<a target="_blank"href=Mon_May_21_10_02_29_EDT_2018.jpg)img src=Mon_May_21_10_02_29_EDT_2018.jpg height=200 width=200></img></a>]]>
            </line>
            <line>
              <![CDATA[Login Successfully not executed]]>
            </line>
          </reporter-output>
        </test-method> <!-- provisionHuntList -->
        <test-method status="PASS" signature="mainPageOpenDeleteHuntList()[pri:3, instance:Testcases.ProvisionHuntListTest@2f54a33d]" name="mainPageOpenDeleteHuntList" duration-ms="6109" started-at="2018-05-21T14:02:29Z" finished-at="2018-05-21T14:02:36Z">
          <reporter-output>
            <line>
              <![CDATA[Click to see screenshot]]>
            </line>
            <line>
              <![CDATA[<a target="_blank"href=Mon_May_21_10_02_36_EDT_2018.jpg>Screenshot</a>]]>
            </line>
            <line>
              <![CDATA[<br>]]>
            </line>
            <line>
              <![CDATA[<br>]]>
            </line>
            <line>
              <![CDATA[<a target="_blank"href=Mon_May_21_10_02_36_EDT_2018.jpg)img src=Mon_May_21_10_02_36_EDT_2018.jpg height=200 width=200></img></a>]]>
            </line>
            <line>
              <![CDATA[Login Successfully not executed]]>
            </line>
          </reporter-output>
        </test-method> <!-- mainPageOpenDeleteHuntList -->
        <test-method status="FAIL" signature="provisionDeleteHuntList(java.lang.String, java.lang.String, java.lang.String, java.lang.String, java.lang.String)[pri:4, instance:Testcases.ProvisionHuntListTest@2f54a33d]" name="provisionDeleteHuntList" duration-ms="35509" started-at="2018-05-21T14:02:36Z" data-provider="getData" finished-at="2018-05-21T14:03:12Z">
          <params>
            <param index="0">
              <value>
                <![CDATA[18002345998]]>
              </value>
            </param>
            <param index="1">
              <value>
                <![CDATA[00 Hunt List QA Auto 054]]>
              </value>
            </param>
            <param index="2">
              <value>
                <![CDATA[Line Group QA Auto 56]]>
              </value>
            </param>
            <param index="3">
              <value>
                <![CDATA[https://192.168.110.81/ccmadmin/]]>
              </value>
            </param>
            <param index="4">
              <value>
                <![CDATA[https://192.168.110.82/cuadmin/]]>
              </value>
            </param>
          </params>
          <exception class="org.openqa.selenium.NoSuchElementException">
            <message>
              <![CDATA[no such element: Unable to locate element: {"method":"xpath","selector":".//*[@id='searchLimit0']"}
  (Session info: chrome=66.0.3359.181)
  (Driver info: chromedriver=2.35.528161 (5b82f2d2aae0ca24b877009200ced9065a772e73),platform=Windows NT 10.0.16299 x86_64) (WARNING: The server did not provide any stacktrace information)
Command duration or timeout: 0 milliseconds
For documentation on this error, please visit: http://seleniumhq.org/exceptions/no_such_element.html
Build info: version: '3.8.1', revision: '6e95a6684b', time: '2017-12-01T18:33:54.468Z'
System info: host: 'AKK-DEV-QA-AUTO', ip: '192.168.101.102', os.name: 'Windows 10', os.arch: 'amd64', os.version: '10.0', java.version: '1.8.0_161'
Driver info: org.openqa.selenium.chrome.ChromeDriver
Capabilities {acceptInsecureCerts: false, acceptSslCerts: false, applicationCacheEnabled: false, browserConnectionEnabled: false, browserName: chrome, chrome: {chromedriverVersion: 2.35.528161 (5b82f2d2aae0ca..., userDataDir: C:\Users\hgulia\AppData\Loc...}, cssSelectorsEnabled: true, databaseEnabled: false, handlesAlerts: true, hasTouchScreen: false, javascriptEnabled: true, locationContextEnabled: true, mobileEmulationEnabled: false, nativeEvents: true, networkConnectionEnabled: false, pageLoadStrategy: normal, platform: XP, platformName: XP, rotatable: false, setWindowRect: true, takesHeapSnapshot: true, takesScreenshot: true, unexpectedAlertBehaviour: , unhandledPromptBehavior: , version: 66.0.3359.181, webStorageEnabled: true}
Session ID: 910928d432ba34b8f8ebe69c337cd93c
*** Element info: {Using=xpath, value=.//*[@id='searchLimit0']}]]>
            </message>
            <full-stacktrace>
              <![CDATA[org.openqa.selenium.NoSuchElementException: no such element: Unable to locate element: {"method":"xpath","selector":".//*[@id='searchLimit0']"}
  (Session info: chrome=66.0.3359.181)
  (Driver info: chromedriver=2.35.528161 (5b82f2d2aae0ca24b877009200ced9065a772e73),platform=Windows NT 10.0.16299 x86_64) (WARNING: The server did not provide any stacktrace information)
Command duration or timeout: 0 milliseconds
For documentation on this error, please visit: http://seleniumhq.org/exceptions/no_such_element.html
Build info: version: '3.8.1', revision: '6e95a6684b', time: '2017-12-01T18:33:54.468Z'
System info: host: 'AKK-DEV-QA-AUTO', ip: '192.168.101.102', os.name: 'Windows 10', os.arch: 'amd64', os.version: '10.0', java.version: '1.8.0_161'
Driver info: org.openqa.selenium.chrome.ChromeDriver
Capabilities {acceptInsecureCerts: false, acceptSslCerts: false, applicationCacheEnabled: false, browserConnectionEnabled: false, browserName: chrome, chrome: {chromedriverVersion: 2.35.528161 (5b82f2d2aae0ca..., userDataDir: C:\Users\hgulia\AppData\Loc...}, cssSelectorsEnabled: true, databaseEnabled: false, handlesAlerts: true, hasTouchScreen: false, javascriptEnabled: true, locationContextEnabled: true, mobileEmulationEnabled: false, nativeEvents: true, networkConnectionEnabled: false, pageLoadStrategy: normal, platform: XP, platformName: XP, rotatable: false, setWindowRect: true, takesHeapSnapshot: true, takesScreenshot: true, unexpectedAlertBehaviour: , unhandledPromptBehavior: , version: 66.0.3359.181, webStorageEnabled: true}
Session ID: 910928d432ba34b8f8ebe69c337cd93c
*** Element info: {Using=xpath, value=.//*[@id='searchLimit0']}
at sun.reflect.NativeConstructorAccessorImpl.newInstance0(Native Method)
at sun.reflect.NativeConstructorAccessorImpl.newInstance(NativeConstructorAccessorImpl.java:62)
at sun.reflect.DelegatingConstructorAccessorImpl.newInstance(DelegatingConstructorAccessorImpl.java:45)
at java.lang.reflect.Constructor.newInstance(Constructor.java:423)
at org.openqa.selenium.remote.ErrorHandler.createThrowable(ErrorHandler.java:214)
at org.openqa.selenium.remote.ErrorHandler.throwIfResponseFailed(ErrorHandler.java:166)
at org.openqa.selenium.remote.http.JsonHttpResponseCodec.reconstructValue(JsonHttpResponseCodec.java:40)
at org.openqa.selenium.remote.http.AbstractHttpResponseCodec.decode(AbstractHttpResponseCodec.java:80)
at org.openqa.selenium.remote.http.AbstractHttpResponseCodec.decode(AbstractHttpResponseCodec.java:44)
at org.openqa.selenium.remote.HttpCommandExecutor.execute(HttpCommandExecutor.java:164)
at org.openqa.selenium.remote.service.DriverCommandExecutor.execute(DriverCommandExecutor.java:83)
at org.openqa.selenium.remote.RemoteWebDriver.execute(RemoteWebDriver.java:601)
at org.openqa.selenium.remote.RemoteWebDriver.findElement(RemoteWebDriver.java:371)
at org.openqa.selenium.remote.RemoteWebDriver.findElementByXPath(RemoteWebDriver.java:473)
at org.openqa.selenium.By$ByXPath.findElement(By.java:361)
at org.openqa.selenium.remote.RemoteWebDriver.findElement(RemoteWebDriver.java:363)
at Testcases.ProvisionHuntListTest.provisionDeleteHuntList(ProvisionHuntListTest.java:250)
at sun.reflect.NativeMethodAccessorImpl.invoke0(Native Method)
at sun.reflect.NativeMethodAccessorImpl.invoke(NativeMethodAccessorImpl.java:62)
at sun.reflect.DelegatingMethodAccessorImpl.invoke(DelegatingMethodAccessorImpl.java:43)
at java.lang.reflect.Method.invoke(Method.java:498)
at org.testng.internal.MethodInvocationHelper.invokeMethod(MethodInvocationHelper.java:124)
at org.testng.internal.Invoker.invokeMethod(Invoker.java:583)
at org.testng.internal.Invoker.invokeTestMethod(Invoker.java:719)
at org.testng.internal.Invoker.invokeTestMethods(Invoker.java:989)
at org.testng.internal.TestMethodWorker.invokeTestMethods(TestMethodWorker.java:125)
at org.testng.internal.TestMethodWorker.run(TestMethodWorker.java:109)
at org.testng.TestRunner.privateRun(TestRunner.java:648)
at org.testng.TestRunner.run(TestRunner.java:505)
at org.testng.SuiteRunner.runTest(SuiteRunner.java:455)
at org.testng.SuiteRunner.runSequentially(SuiteRunner.java:450)
at org.testng.SuiteRunner.privateRun(SuiteRunner.java:415)
at org.testng.SuiteRunner.run(SuiteRunner.java:364)
at org.testng.SuiteRunnerWorker.runSuite(SuiteRunnerWorker.java:52)
at org.testng.SuiteRunnerWorker.run(SuiteRunnerWorker.java:84)
at org.testng.TestNG.runSuitesSequentially(TestNG.java:1208)
at org.testng.TestNG.runSuitesLocally(TestNG.java:1137)
at org.testng.TestNG.runSuites(TestNG.java:1049)
at org.testng.TestNG.run(TestNG.java:1017)
at org.apache.maven.surefire.testng.TestNGExecutor.run(TestNGExecutor.java:295)
at org.apache.maven.surefire.testng.TestNGXmlTestSuite.execute(TestNGXmlTestSuite.java:84)
at org.apache.maven.surefire.testng.TestNGProvider.invoke(TestNGProvider.java:90)
at org.apache.maven.surefire.booter.ForkedBooter.invokeProviderInSameClassLoader(ForkedBooter.java:203)
at org.apache.maven.surefire.booter.ForkedBooter.runSuitesInProcess(ForkedBooter.java:155)
at org.apache.maven.surefire.booter.ForkedBooter.main(ForkedBooter.java:103)
]]>
            </full-stacktrace>
          </exception> <!-- org.openqa.selenium.NoSuchElementException -->
          <reporter-output>
            <line>
              <![CDATA[Click to see screenshot]]>
            </line>
            <line>
              <![CDATA[<a target="_blank"href=Mon_May_21_10_03_12_EDT_2018.jpg>Screenshot</a>]]>
            </line>
            <line>
              <![CDATA[<br>]]>
            </line>
            <line>
              <![CDATA[<br>]]>
            </line>
            <line>
              <![CDATA[<a target="_blank"href=Mon_May_21_10_03_12_EDT_2018.jpg)img src=Mon_May_21_10_03_12_EDT_2018.jpg height=200 width=200></img></a>]]>
            </line>
            <line>
              <![CDATA[Login Successfully not executed]]>
            </line>
          </reporter-output>
        </test-method> <!-- provisionDeleteHuntList -->
      </class> <!-- Testcases.ProvisionHuntListTest -->
    </test> <!--  Provision Jobs Hunt List Test -->
    <test name=" Provision Jobs Add Ext 7970 Test" duration-ms="111232" started-at="2018-05-21T14:03:12Z" finished-at="2018-05-21T14:05:03Z">
      <class name="Testcases.ProvisionAddExt7970Test">
        <test-method status="PASS" signature="mainPageOpenAddExt7970()[pri:1, instance:Testcases.ProvisionAddExt7970Test@236e3f4e]" name="mainPageOpenAddExt7970" duration-ms="6603" started-at="2018-05-21T14:03:12Z" finished-at="2018-05-21T14:03:19Z">
          <reporter-output>
            <line>
              <![CDATA[Click to see screenshot]]>
            </line>
            <line>
              <![CDATA[<a target="_blank"href=Mon_May_21_10_03_19_EDT_2018.jpg>Screenshot</a>]]>
            </line>
            <line>
              <![CDATA[<br>]]>
            </line>
            <line>
              <![CDATA[<br>]]>
            </line>
            <line>
              <![CDATA[<a target="_blank"href=Mon_May_21_10_03_19_EDT_2018.jpg)img src=Mon_May_21_10_03_19_EDT_2018.jpg height=200 width=200></img></a>]]>
            </line>
            <line>
              <![CDATA[Login Successfully not executed]]>
            </line>
          </reporter-output>
        </test-method> <!-- mainPageOpenAddExt7970 -->
        <test-method status="FAIL" signature="provisionAddExt7970(java.lang.String, java.lang.String, java.lang.String, java.lang.String, java.lang.String)[pri:2, instance:Testcases.ProvisionAddExt7970Test@236e3f4e]" name="provisionAddExt7970" duration-ms="18034" started-at="2018-05-21T14:03:19Z" data-provider="getData" finished-at="2018-05-21T14:03:37Z">
          <params>
            <param index="0">
              <value>
                <![CDATA[18002345998]]>
              </value>
            </param>
            <param index="1">
              <value>
                <![CDATA[00 Hunt List QA Auto 054]]>
              </value>
            </param>
            <param index="2">
              <value>
                <![CDATA[Line Group QA Auto 56]]>
              </value>
            </param>
            <param index="3">
              <value>
                <![CDATA[https://192.168.110.81/ccmadmin/]]>
              </value>
            </param>
            <param index="4">
              <value>
                <![CDATA[https://192.168.110.82/cuadmin/]]>
              </value>
            </param>
          </params>
          <exception class="org.openqa.selenium.WebDriverException">
            <message>
              <![CDATA[unknown error: Element <div class="select2-container" id="s2id_clan_1526911400396_action_40_148___remote_pkid_">...</div> is not clickable at point (957, 572). Other element would receive the click: <div class="swal2-modal swal2-show" tabindex="-1" style="width: 500px; padding: 20px; background: rgb(255, 255, 255); display: block; min-height: 269px;">...</div>
  (Session info: chrome=66.0.3359.181)
  (Driver info: chromedriver=2.35.528161 (5b82f2d2aae0ca24b877009200ced9065a772e73),platform=Windows NT 10.0.16299 x86_64) (WARNING: The server did not provide any stacktrace information)
Command duration or timeout: 0 milliseconds
Build info: version: '3.8.1', revision: '6e95a6684b', time: '2017-12-01T18:33:54.468Z'
System info: host: 'AKK-DEV-QA-AUTO', ip: '192.168.101.102', os.name: 'Windows 10', os.arch: 'amd64', os.version: '10.0', java.version: '1.8.0_161'
Driver info: org.openqa.selenium.chrome.ChromeDriver
Capabilities {acceptInsecureCerts: false, acceptSslCerts: false, applicationCacheEnabled: false, browserConnectionEnabled: false, browserName: chrome, chrome: {chromedriverVersion: 2.35.528161 (5b82f2d2aae0ca..., userDataDir: C:\Users\hgulia\AppData\Loc...}, cssSelectorsEnabled: true, databaseEnabled: false, handlesAlerts: true, hasTouchScreen: false, javascriptEnabled: true, locationContextEnabled: true, mobileEmulationEnabled: false, nativeEvents: true, networkConnectionEnabled: false, pageLoadStrategy: normal, platform: XP, platformName: XP, rotatable: false, setWindowRect: true, takesHeapSnapshot: true, takesScreenshot: true, unexpectedAlertBehaviour: , unhandledPromptBehavior: , version: 66.0.3359.181, webStorageEnabled: true}
Session ID: 910928d432ba34b8f8ebe69c337cd93c]]>
            </message>
            <full-stacktrace>
              <![CDATA[org.openqa.selenium.WebDriverException: unknown error: Element <div class="select2-container" id="s2id_clan_1526911400396_action_40_148___remote_pkid_">...</div> is not clickable at point (957, 572). Other element would receive the click: <div class="swal2-modal swal2-show" tabindex="-1" style="width: 500px; padding: 20px; background: rgb(255, 255, 255); display: block; min-height: 269px;">...</div>
  (Session info: chrome=66.0.3359.181)
  (Driver info: chromedriver=2.35.528161 (5b82f2d2aae0ca24b877009200ced9065a772e73),platform=Windows NT 10.0.16299 x86_64) (WARNING: The server did not provide any stacktrace information)
Command duration or timeout: 0 milliseconds
Build info: version: '3.8.1', revision: '6e95a6684b', time: '2017-12-01T18:33:54.468Z'
System info: host: 'AKK-DEV-QA-AUTO', ip: '192.168.101.102', os.name: 'Windows 10', os.arch: 'amd64', os.version: '10.0', java.version: '1.8.0_161'
Driver info: org.openqa.selenium.chrome.ChromeDriver
Capabilities {acceptInsecureCerts: false, acceptSslCerts: false, applicationCacheEnabled: false, browserConnectionEnabled: false, browserName: chrome, chrome: {chromedriverVersion: 2.35.528161 (5b82f2d2aae0ca..., userDataDir: C:\Users\hgulia\AppData\Loc...}, cssSelectorsEnabled: true, databaseEnabled: false, handlesAlerts: true, hasTouchScreen: false, javascriptEnabled: true, locationContextEnabled: true, mobileEmulationEnabled: false, nativeEvents: true, networkConnectionEnabled: false, pageLoadStrategy: normal, platform: XP, platformName: XP, rotatable: false, setWindowRect: true, takesHeapSnapshot: true, takesScreenshot: true, unexpectedAlertBehaviour: , unhandledPromptBehavior: , version: 66.0.3359.181, webStorageEnabled: true}
Session ID: 910928d432ba34b8f8ebe69c337cd93c
at sun.reflect.NativeConstructorAccessorImpl.newInstance0(Native Method)
at sun.reflect.NativeConstructorAccessorImpl.newInstance(NativeConstructorAccessorImpl.java:62)
at sun.reflect.DelegatingConstructorAccessorImpl.newInstance(DelegatingConstructorAccessorImpl.java:45)
at java.lang.reflect.Constructor.newInstance(Constructor.java:423)
at org.openqa.selenium.remote.ErrorHandler.createThrowable(ErrorHandler.java:214)
at org.openqa.selenium.remote.ErrorHandler.throwIfResponseFailed(ErrorHandler.java:166)
at org.openqa.selenium.remote.http.JsonHttpResponseCodec.reconstructValue(JsonHttpResponseCodec.java:40)
at org.openqa.selenium.remote.http.AbstractHttpResponseCodec.decode(AbstractHttpResponseCodec.java:80)
at org.openqa.selenium.remote.http.AbstractHttpResponseCodec.decode(AbstractHttpResponseCodec.java:44)
at org.openqa.selenium.remote.HttpCommandExecutor.execute(HttpCommandExecutor.java:164)
at org.openqa.selenium.remote.service.DriverCommandExecutor.execute(DriverCommandExecutor.java:83)
at org.openqa.selenium.remote.RemoteWebDriver.execute(RemoteWebDriver.java:601)
at org.openqa.selenium.remote.RemoteWebElement.execute(RemoteWebElement.java:279)
at org.openqa.selenium.remote.RemoteWebElement.click(RemoteWebElement.java:83)
at Base.TestBase.click(TestBase.java:119)
at Testcases.ProvisionAddExt7970Test.provisionAddExt7970(ProvisionAddExt7970Test.java:60)
at sun.reflect.NativeMethodAccessorImpl.invoke0(Native Method)
at sun.reflect.NativeMethodAccessorImpl.invoke(NativeMethodAccessorImpl.java:62)
at sun.reflect.DelegatingMethodAccessorImpl.invoke(DelegatingMethodAccessorImpl.java:43)
at java.lang.reflect.Method.invoke(Method.java:498)
at org.testng.internal.MethodInvocationHelper.invokeMethod(MethodInvocationHelper.java:124)
at org.testng.internal.Invoker.invokeMethod(Invoker.java:583)
at org.testng.internal.Invoker.invokeTestMethod(Invoker.java:719)
at org.testng.internal.Invoker.invokeTestMethods(Invoker.java:989)
at org.testng.internal.TestMethodWorker.invokeTestMethods(TestMethodWorker.java:125)
at org.testng.internal.TestMethodWorker.run(TestMethodWorker.java:109)
at org.testng.TestRunner.privateRun(TestRunner.java:648)
at org.testng.TestRunner.run(TestRunner.java:505)
at org.testng.SuiteRunner.runTest(SuiteRunner.java:455)
at org.testng.SuiteRunner.runSequentially(SuiteRunner.java:450)
at org.testng.SuiteRunner.privateRun(SuiteRunner.java:415)
at org.testng.SuiteRunner.run(SuiteRunner.java:364)
at org.testng.SuiteRunnerWorker.runSuite(SuiteRunnerWorker.java:52)
at org.testng.SuiteRunnerWorker.run(SuiteRunnerWorker.java:84)
at org.testng.TestNG.runSuitesSequentially(TestNG.java:1208)
at org.testng.TestNG.runSuitesLocally(TestNG.java:1137)
at org.testng.TestNG.runSuites(TestNG.java:1049)
at org.testng.TestNG.run(TestNG.java:1017)
at org.apache.maven.surefire.testng.TestNGExecutor.run(TestNGExecutor.java:295)
at org.apache.maven.surefire.testng.TestNGXmlTestSuite.execute(TestNGXmlTestSuite.java:84)
at org.apache.maven.surefire.testng.TestNGProvider.invoke(TestNGProvider.java:90)
at org.apache.maven.surefire.booter.ForkedBooter.invokeProviderInSameClassLoader(ForkedBooter.java:203)
at org.apache.maven.surefire.booter.ForkedBooter.runSuitesInProcess(ForkedBooter.java:155)
at org.apache.maven.surefire.booter.ForkedBooter.main(ForkedBooter.java:103)
]]>
            </full-stacktrace>
          </exception> <!-- org.openqa.selenium.WebDriverException -->
          <reporter-output>
            <line>
              <![CDATA[Click to see screenshot]]>
            </line>
            <line>
              <![CDATA[<a target="_blank"href=Mon_May_21_10_03_38_EDT_2018.jpg>Screenshot</a>]]>
            </line>
            <line>
              <![CDATA[<br>]]>
            </line>
            <line>
              <![CDATA[<br>]]>
            </line>
            <line>
              <![CDATA[<a target="_blank"href=Mon_May_21_10_03_38_EDT_2018.jpg)img src=Mon_May_21_10_03_38_EDT_2018.jpg height=200 width=200></img></a>]]>
            </line>
            <line>
              <![CDATA[Login Successfully not executed]]>
            </line>
          </reporter-output>
        </test-method> <!-- provisionAddExt7970 -->
        <test-method status="PASS" signature="mainPageOpenDeleteExt7970()[pri:3, instance:Testcases.ProvisionAddExt7970Test@236e3f4e]" name="mainPageOpenDeleteExt7970" duration-ms="5831" started-at="2018-05-21T14:03:38Z" finished-at="2018-05-21T14:03:44Z">
          <reporter-output>
            <line>
              <![CDATA[Click to see screenshot]]>
            </line>
            <line>
              <![CDATA[<a target="_blank"href=Mon_May_21_10_03_44_EDT_2018.jpg>Screenshot</a>]]>
            </line>
            <line>
              <![CDATA[<br>]]>
            </line>
            <line>
              <![CDATA[<br>]]>
            </line>
            <line>
              <![CDATA[<a target="_blank"href=Mon_May_21_10_03_44_EDT_2018.jpg)img src=Mon_May_21_10_03_44_EDT_2018.jpg height=200 width=200></img></a>]]>
            </line>
            <line>
              <![CDATA[Login Successfully not executed]]>
            </line>
          </reporter-output>
        </test-method> <!-- mainPageOpenDeleteExt7970 -->
        <test-method status="PASS" signature="provisionDeleteExt7970(java.lang.String, java.lang.String, java.lang.String, java.lang.String, java.lang.String)[pri:4, instance:Testcases.ProvisionAddExt7970Test@236e3f4e]" name="provisionDeleteExt7970" duration-ms="78525" started-at="2018-05-21T14:03:44Z" data-provider="getData" finished-at="2018-05-21T14:05:03Z">
          <params>
            <param index="0">
              <value>
                <![CDATA[18002345998]]>
              </value>
            </param>
            <param index="1">
              <value>
                <![CDATA[00 Hunt List QA Auto 054]]>
              </value>
            </param>
            <param index="2">
              <value>
                <![CDATA[Line Group QA Auto 56]]>
              </value>
            </param>
            <param index="3">
              <value>
                <![CDATA[https://192.168.110.81/ccmadmin/]]>
              </value>
            </param>
            <param index="4">
              <value>
                <![CDATA[https://192.168.110.82/cuadmin/]]>
              </value>
            </param>
          </params>
          <reporter-output>
            <line>
              <![CDATA[Click to see screenshot]]>
            </line>
            <line>
              <![CDATA[<a target="_blank"href=Mon_May_21_10_05_03_EDT_2018.jpg>Screenshot</a>]]>
            </line>
            <line>
              <![CDATA[<br>]]>
            </line>
            <line>
              <![CDATA[<br>]]>
            </line>
            <line>
              <![CDATA[<a target="_blank"href=Mon_May_21_10_05_03_EDT_2018.jpg)img src=Mon_May_21_10_05_03_EDT_2018.jpg height=200 width=200></img></a>]]>
            </line>
            <line>
              <![CDATA[Login Successfully not executed]]>
            </line>
          </reporter-output>
        </test-method> <!-- provisionDeleteExt7970 -->
      </class> <!-- Testcases.ProvisionAddExt7970Test -->
    </test> <!--  Provision Jobs Add Ext 7970 Test -->
    <test name=" Provision Jobs Add Ext 8865 Test" duration-ms="181555" started-at="2018-05-21T14:05:03Z" finished-at="2018-05-21T14:08:05Z">
      <class name="Testcases.ProvisionAddExt8865Test">
        <test-method status="PASS" signature="mainPageOpenAddExt8865()[pri:1, instance:Testcases.ProvisionAddExt8865Test@87a85e1]" name="mainPageOpenAddExt8865" duration-ms="7264" started-at="2018-05-21T14:05:03Z" finished-at="2018-05-21T14:05:11Z">
          <reporter-output>
            <line>
              <![CDATA[Click to see screenshot]]>
            </line>
            <line>
              <![CDATA[<a target="_blank"href=Mon_May_21_10_05_11_EDT_2018.jpg>Screenshot</a>]]>
            </line>
            <line>
              <![CDATA[<br>]]>
            </line>
            <line>
              <![CDATA[<br>]]>
            </line>
            <line>
              <![CDATA[<a target="_blank"href=Mon_May_21_10_05_11_EDT_2018.jpg)img src=Mon_May_21_10_05_11_EDT_2018.jpg height=200 width=200></img></a>]]>
            </line>
            <line>
              <![CDATA[Login Successfully not executed]]>
            </line>
          </reporter-output>
        </test-method> <!-- mainPageOpenAddExt8865 -->
        <test-method status="PASS" signature="provisionAddExt8865(java.lang.String, java.lang.String, java.lang.String, java.lang.String, java.lang.String)[pri:2, instance:Testcases.ProvisionAddExt8865Test@87a85e1]" name="provisionAddExt8865" duration-ms="73123" started-at="2018-05-21T14:05:11Z" data-provider="getData" finished-at="2018-05-21T14:06:24Z">
          <params>
            <param index="0">
              <value>
                <![CDATA[18002345998]]>
              </value>
            </param>
            <param index="1">
              <value>
                <![CDATA[00 Hunt List QA Auto 054]]>
              </value>
            </param>
            <param index="2">
              <value>
                <![CDATA[Line Group QA Auto 56]]>
              </value>
            </param>
            <param index="3">
              <value>
                <![CDATA[https://192.168.110.81/ccmadmin/]]>
              </value>
            </param>
            <param index="4">
              <value>
                <![CDATA[https://192.168.110.82/cuadmin/]]>
              </value>
            </param>
          </params>
          <reporter-output>
            <line>
              <![CDATA[Click to see screenshot]]>
            </line>
            <line>
              <![CDATA[<a target="_blank"href=Mon_May_21_10_06_25_EDT_2018.jpg>Screenshot</a>]]>
            </line>
            <line>
              <![CDATA[<br>]]>
            </line>
            <line>
              <![CDATA[<br>]]>
            </line>
            <line>
              <![CDATA[<a target="_blank"href=Mon_May_21_10_06_25_EDT_2018.jpg)img src=Mon_May_21_10_06_25_EDT_2018.jpg height=200 width=200></img></a>]]>
            </line>
            <line>
              <![CDATA[Login Successfully not executed]]>
            </line>
          </reporter-output>
        </test-method> <!-- provisionAddExt8865 -->
        <test-method status="PASS" signature="mainPageOpenDeleteExt8865()[pri:3, instance:Testcases.ProvisionAddExt8865Test@87a85e1]" name="mainPageOpenDeleteExt8865" duration-ms="6822" started-at="2018-05-21T14:06:25Z" finished-at="2018-05-21T14:06:32Z">
          <reporter-output>
            <line>
              <![CDATA[Click to see screenshot]]>
            </line>
            <line>
              <![CDATA[<a target="_blank"href=Mon_May_21_10_06_32_EDT_2018.jpg>Screenshot</a>]]>
            </line>
            <line>
              <![CDATA[<br>]]>
            </line>
            <line>
              <![CDATA[<br>]]>
            </line>
            <line>
              <![CDATA[<a target="_blank"href=Mon_May_21_10_06_32_EDT_2018.jpg)img src=Mon_May_21_10_06_32_EDT_2018.jpg height=200 width=200></img></a>]]>
            </line>
            <line>
              <![CDATA[Login Successfully not executed]]>
            </line>
          </reporter-output>
        </test-method> <!-- mainPageOpenDeleteExt8865 -->
        <test-method status="PASS" signature="provisionDeleteExt8865(java.lang.String, java.lang.String, java.lang.String, java.lang.String, java.lang.String)[pri:4, instance:Testcases.ProvisionAddExt8865Test@87a85e1]" name="provisionDeleteExt8865" duration-ms="91959" started-at="2018-05-21T14:06:32Z" data-provider="getData" finished-at="2018-05-21T14:08:04Z">
          <params>
            <param index="0">
              <value>
                <![CDATA[18002345998]]>
              </value>
            </param>
            <param index="1">
              <value>
                <![CDATA[00 Hunt List QA Auto 054]]>
              </value>
            </param>
            <param index="2">
              <value>
                <![CDATA[Line Group QA Auto 56]]>
              </value>
            </param>
            <param index="3">
              <value>
                <![CDATA[https://192.168.110.81/ccmadmin/]]>
              </value>
            </param>
            <param index="4">
              <value>
                <![CDATA[https://192.168.110.82/cuadmin/]]>
              </value>
            </param>
          </params>
          <reporter-output>
            <line>
              <![CDATA[Click to see screenshot]]>
            </line>
            <line>
              <![CDATA[<a target="_blank"href=Mon_May_21_10_08_05_EDT_2018.jpg>Screenshot</a>]]>
            </line>
            <line>
              <![CDATA[<br>]]>
            </line>
            <line>
              <![CDATA[<br>]]>
            </line>
            <line>
              <![CDATA[<a target="_blank"href=Mon_May_21_10_08_05_EDT_2018.jpg)img src=Mon_May_21_10_08_05_EDT_2018.jpg height=200 width=200></img></a>]]>
            </line>
            <line>
              <![CDATA[Login Successfully not executed]]>
            </line>
          </reporter-output>
        </test-method> <!-- provisionDeleteExt8865 -->
      </class> <!-- Testcases.ProvisionAddExt8865Test -->
    </test> <!--  Provision Jobs Add Ext 8865 Test -->
    <test name=" Provision Jobs Add Ext 9971 Test" duration-ms="196538" started-at="2018-05-21T14:08:05Z" finished-at="2018-05-21T14:11:22Z">
      <class name="Testcases.ProvisionAddExt9971Test">
        <test-method status="PASS" signature="mainPageOpenAddExt9971()[pri:1, instance:Testcases.ProvisionAddExt9971Test@c03cf28]" name="mainPageOpenAddExt9971" duration-ms="6938" started-at="2018-05-21T14:08:05Z" finished-at="2018-05-21T14:08:12Z">
          <reporter-output>
            <line>
              <![CDATA[Click to see screenshot]]>
            </line>
            <line>
              <![CDATA[<a target="_blank"href=Mon_May_21_10_08_13_EDT_2018.jpg>Screenshot</a>]]>
            </line>
            <line>
              <![CDATA[<br>]]>
            </line>
            <line>
              <![CDATA[<br>]]>
            </line>
            <line>
              <![CDATA[<a target="_blank"href=Mon_May_21_10_08_13_EDT_2018.jpg)img src=Mon_May_21_10_08_13_EDT_2018.jpg height=200 width=200></img></a>]]>
            </line>
            <line>
              <![CDATA[Login Successfully not executed]]>
            </line>
          </reporter-output>
        </test-method> <!-- mainPageOpenAddExt9971 -->
        <test-method status="FAIL" signature="provisionAddExt9971(java.lang.String, java.lang.String, java.lang.String, java.lang.String, java.lang.String)[pri:2, instance:Testcases.ProvisionAddExt9971Test@c03cf28]" name="provisionAddExt9971" duration-ms="86755" started-at="2018-05-21T14:08:13Z" data-provider="getData" finished-at="2018-05-21T14:09:39Z">
          <params>
            <param index="0">
              <value>
                <![CDATA[18002345998]]>
              </value>
            </param>
            <param index="1">
              <value>
                <![CDATA[00 Hunt List QA Auto 054]]>
              </value>
            </param>
            <param index="2">
              <value>
                <![CDATA[Line Group QA Auto 56]]>
              </value>
            </param>
            <param index="3">
              <value>
                <![CDATA[https://192.168.110.81/ccmadmin/]]>
              </value>
            </param>
            <param index="4">
              <value>
                <![CDATA[https://192.168.110.82/cuadmin/]]>
              </value>
            </param>
          </params>
          <exception class="org.openqa.selenium.NoSuchElementException">
            <message>
              <![CDATA[Cannot locate element with text: 
For documentation on this error, please visit: http://seleniumhq.org/exceptions/no_such_element.html
Build info: version: '3.8.1', revision: '6e95a6684b', time: '2017-12-01T18:33:54.468Z'
System info: host: 'AKK-DEV-QA-AUTO', ip: '192.168.101.102', os.name: 'Windows 10', os.arch: 'amd64', os.version: '10.0', java.version: '1.8.0_161'
Driver info: driver.version: unknown]]>
            </message>
            <full-stacktrace>
              <![CDATA[org.openqa.selenium.NoSuchElementException: Cannot locate element with text: 
For documentation on this error, please visit: http://seleniumhq.org/exceptions/no_such_element.html
Build info: version: '3.8.1', revision: '6e95a6684b', time: '2017-12-01T18:33:54.468Z'
System info: host: 'AKK-DEV-QA-AUTO', ip: '192.168.101.102', os.name: 'Windows 10', os.arch: 'amd64', os.version: '10.0', java.version: '1.8.0_161'
Driver info: driver.version: unknown
at org.openqa.selenium.support.ui.Select.selectByVisibleText(Select.java:151)
at Testcases.ProvisionAddExt9971Test.provisionAddExt9971(ProvisionAddExt9971Test.java:164)
at sun.reflect.NativeMethodAccessorImpl.invoke0(Native Method)
at sun.reflect.NativeMethodAccessorImpl.invoke(NativeMethodAccessorImpl.java:62)
at sun.reflect.DelegatingMethodAccessorImpl.invoke(DelegatingMethodAccessorImpl.java:43)
at java.lang.reflect.Method.invoke(Method.java:498)
at org.testng.internal.MethodInvocationHelper.invokeMethod(MethodInvocationHelper.java:124)
at org.testng.internal.Invoker.invokeMethod(Invoker.java:583)
at org.testng.internal.Invoker.invokeTestMethod(Invoker.java:719)
at org.testng.internal.Invoker.invokeTestMethods(Invoker.java:989)
at org.testng.internal.TestMethodWorker.invokeTestMethods(TestMethodWorker.java:125)
at org.testng.internal.TestMethodWorker.run(TestMethodWorker.java:109)
at org.testng.TestRunner.privateRun(TestRunner.java:648)
at org.testng.TestRunner.run(TestRunner.java:505)
at org.testng.SuiteRunner.runTest(SuiteRunner.java:455)
at org.testng.SuiteRunner.runSequentially(SuiteRunner.java:450)
at org.testng.SuiteRunner.privateRun(SuiteRunner.java:415)
at org.testng.SuiteRunner.run(SuiteRunner.java:364)
at org.testng.SuiteRunnerWorker.runSuite(SuiteRunnerWorker.java:52)
at org.testng.SuiteRunnerWorker.run(SuiteRunnerWorker.java:84)
at org.testng.TestNG.runSuitesSequentially(TestNG.java:1208)
at org.testng.TestNG.runSuitesLocally(TestNG.java:1137)
at org.testng.TestNG.runSuites(TestNG.java:1049)
at org.testng.TestNG.run(TestNG.java:1017)
at org.apache.maven.surefire.testng.TestNGExecutor.run(TestNGExecutor.java:295)
at org.apache.maven.surefire.testng.TestNGXmlTestSuite.execute(TestNGXmlTestSuite.java:84)
at org.apache.maven.surefire.testng.TestNGProvider.invoke(TestNGProvider.java:90)
at org.apache.maven.surefire.booter.ForkedBooter.invokeProviderInSameClassLoader(ForkedBooter.java:203)
at org.apache.maven.surefire.booter.ForkedBooter.runSuitesInProcess(ForkedBooter.java:155)
at org.apache.maven.surefire.booter.ForkedBooter.main(ForkedBooter.java:103)
]]>
            </full-stacktrace>
          </exception> <!-- org.openqa.selenium.NoSuchElementException -->
          <reporter-output>
            <line>
              <![CDATA[Click to see screenshot]]>
            </line>
            <line>
              <![CDATA[<a target="_blank"href=Mon_May_21_10_09_40_EDT_2018.jpg>Screenshot</a>]]>
            </line>
            <line>
              <![CDATA[<br>]]>
            </line>
            <line>
              <![CDATA[<br>]]>
            </line>
            <line>
              <![CDATA[<a target="_blank"href=Mon_May_21_10_09_40_EDT_2018.jpg)img src=Mon_May_21_10_09_40_EDT_2018.jpg height=200 width=200></img></a>]]>
            </line>
            <line>
              <![CDATA[Login Successfully not executed]]>
            </line>
          </reporter-output>
        </test-method> <!-- provisionAddExt9971 -->
        <test-method status="PASS" signature="mainPageOpenDeleteExt9971()[pri:3, instance:Testcases.ProvisionAddExt9971Test@c03cf28]" name="mainPageOpenDeleteExt9971" duration-ms="6380" started-at="2018-05-21T14:09:40Z" finished-at="2018-05-21T14:09:46Z">
          <reporter-output>
            <line>
              <![CDATA[Click to see screenshot]]>
            </line>
            <line>
              <![CDATA[<a target="_blank"href=Mon_May_21_10_09_47_EDT_2018.jpg>Screenshot</a>]]>
            </line>
            <line>
              <![CDATA[<br>]]>
            </line>
            <line>
              <![CDATA[<br>]]>
            </line>
            <line>
              <![CDATA[<a target="_blank"href=Mon_May_21_10_09_47_EDT_2018.jpg)img src=Mon_May_21_10_09_47_EDT_2018.jpg height=200 width=200></img></a>]]>
            </line>
            <line>
              <![CDATA[Login Successfully not executed]]>
            </line>
          </reporter-output>
        </test-method> <!-- mainPageOpenDeleteExt9971 -->
        <test-method status="PASS" signature="provisionDeleteExt9971(java.lang.String, java.lang.String, java.lang.String, java.lang.String, java.lang.String)[pri:4, instance:Testcases.ProvisionAddExt9971Test@c03cf28]" name="provisionDeleteExt9971" duration-ms="94490" started-at="2018-05-21T14:09:47Z" data-provider="getData" finished-at="2018-05-21T14:11:21Z">
          <params>
            <param index="0">
              <value>
                <![CDATA[18002345998]]>
              </value>
            </param>
            <param index="1">
              <value>
                <![CDATA[00 Hunt List QA Auto 054]]>
              </value>
            </param>
            <param index="2">
              <value>
                <![CDATA[Line Group QA Auto 56]]>
              </value>
            </param>
            <param index="3">
              <value>
                <![CDATA[https://192.168.110.81/ccmadmin/]]>
              </value>
            </param>
            <param index="4">
              <value>
                <![CDATA[https://192.168.110.82/cuadmin/]]>
              </value>
            </param>
          </params>
          <reporter-output>
            <line>
              <![CDATA[Click to see screenshot]]>
            </line>
            <line>
              <![CDATA[<a target="_blank"href=Mon_May_21_10_11_22_EDT_2018.jpg>Screenshot</a>]]>
            </line>
            <line>
              <![CDATA[<br>]]>
            </line>
            <line>
              <![CDATA[<br>]]>
            </line>
            <line>
              <![CDATA[<a target="_blank"href=Mon_May_21_10_11_22_EDT_2018.jpg)img src=Mon_May_21_10_11_22_EDT_2018.jpg height=200 width=200></img></a>]]>
            </line>
            <line>
              <![CDATA[Login Successfully not executed]]>
            </line>
          </reporter-output>
        </test-method> <!-- provisionDeleteExt9971 -->
      </class> <!-- Testcases.ProvisionAddExt9971Test -->
    </test> <!--  Provision Jobs Add Ext 9971 Test -->
    <test name=" Provision Jobs Add Ext Analog Test" duration-ms="130144" started-at="2018-05-21T14:11:22Z" finished-at="2018-05-21T14:13:32Z">
      <class name="Testcases.ProvisionAddExtAnalogTest">
        <test-method status="PASS" signature="mainPageOpenAddExtanalog()[pri:1, instance:Testcases.ProvisionAddExtAnalogTest@4f67eb2a]" name="mainPageOpenAddExtanalog" duration-ms="6326" started-at="2018-05-21T14:11:22Z" finished-at="2018-05-21T14:11:28Z">
          <reporter-output>
            <line>
              <![CDATA[Click to see screenshot]]>
            </line>
            <line>
              <![CDATA[<a target="_blank"href=Mon_May_21_10_11_29_EDT_2018.jpg>Screenshot</a>]]>
            </line>
            <line>
              <![CDATA[<br>]]>
            </line>
            <line>
              <![CDATA[<br>]]>
            </line>
            <line>
              <![CDATA[<a target="_blank"href=Mon_May_21_10_11_29_EDT_2018.jpg)img src=Mon_May_21_10_11_29_EDT_2018.jpg height=200 width=200></img></a>]]>
            </line>
            <line>
              <![CDATA[Login Successfully not executed]]>
            </line>
          </reporter-output>
        </test-method> <!-- mainPageOpenAddExtanalog -->
        <test-method status="PASS" signature="provisionAddExtanalog(java.lang.String, java.lang.String, java.lang.String, java.lang.String, java.lang.String)[pri:2, instance:Testcases.ProvisionAddExtAnalogTest@4f67eb2a]" name="provisionAddExtanalog" duration-ms="61580" started-at="2018-05-21T14:11:29Z" data-provider="getData" finished-at="2018-05-21T14:12:30Z">
          <params>
            <param index="0">
              <value>
                <![CDATA[18002345998]]>
              </value>
            </param>
            <param index="1">
              <value>
                <![CDATA[00 Hunt List QA Auto 054]]>
              </value>
            </param>
            <param index="2">
              <value>
                <![CDATA[Line Group QA Auto 56]]>
              </value>
            </param>
            <param index="3">
              <value>
                <![CDATA[https://192.168.110.81/ccmadmin/]]>
              </value>
            </param>
            <param index="4">
              <value>
                <![CDATA[https://192.168.110.82/cuadmin/]]>
              </value>
            </param>
          </params>
          <reporter-output>
            <line>
              <![CDATA[Click to see screenshot]]>
            </line>
            <line>
              <![CDATA[<a target="_blank"href=Mon_May_21_10_12_31_EDT_2018.jpg>Screenshot</a>]]>
            </line>
            <line>
              <![CDATA[<br>]]>
            </line>
            <line>
              <![CDATA[<br>]]>
            </line>
            <line>
              <![CDATA[<a target="_blank"href=Mon_May_21_10_12_31_EDT_2018.jpg)img src=Mon_May_21_10_12_31_EDT_2018.jpg height=200 width=200></img></a>]]>
            </line>
            <line>
              <![CDATA[Login Successfully not executed]]>
            </line>
          </reporter-output>
        </test-method> <!-- provisionAddExtanalog -->
        <test-method status="PASS" signature="mainPageOpenDeleteExtAnalog()[pri:3, instance:Testcases.ProvisionAddExtAnalogTest@4f67eb2a]" name="mainPageOpenDeleteExtAnalog" duration-ms="6344" started-at="2018-05-21T14:12:31Z" finished-at="2018-05-21T14:12:37Z">
          <reporter-output>
            <line>
              <![CDATA[Click to see screenshot]]>
            </line>
            <line>
              <![CDATA[<a target="_blank"href=Mon_May_21_10_12_37_EDT_2018.jpg>Screenshot</a>]]>
            </line>
            <line>
              <![CDATA[<br>]]>
            </line>
            <line>
              <![CDATA[<br>]]>
            </line>
            <line>
              <![CDATA[<a target="_blank"href=Mon_May_21_10_12_37_EDT_2018.jpg)img src=Mon_May_21_10_12_37_EDT_2018.jpg height=200 width=200></img></a>]]>
            </line>
            <line>
              <![CDATA[Login Successfully not executed]]>
            </line>
          </reporter-output>
        </test-method> <!-- mainPageOpenDeleteExtAnalog -->
        <test-method status="PASS" signature="provisionDeleteExt9971(java.lang.String, java.lang.String, java.lang.String, java.lang.String, java.lang.String)[pri:4, instance:Testcases.ProvisionAddExtAnalogTest@4f67eb2a]" name="provisionDeleteExt9971" duration-ms="53964" started-at="2018-05-21T14:12:37Z" data-provider="getData" finished-at="2018-05-21T14:13:31Z">
          <params>
            <param index="0">
              <value>
                <![CDATA[18002345998]]>
              </value>
            </param>
            <param index="1">
              <value>
                <![CDATA[00 Hunt List QA Auto 054]]>
              </value>
            </param>
            <param index="2">
              <value>
                <![CDATA[Line Group QA Auto 56]]>
              </value>
            </param>
            <param index="3">
              <value>
                <![CDATA[https://192.168.110.81/ccmadmin/]]>
              </value>
            </param>
            <param index="4">
              <value>
                <![CDATA[https://192.168.110.82/cuadmin/]]>
              </value>
            </param>
          </params>
          <reporter-output>
            <line>
              <![CDATA[Click to see screenshot]]>
            </line>
            <line>
              <![CDATA[<a target="_blank"href=Mon_May_21_10_13_32_EDT_2018.jpg>Screenshot</a>]]>
            </line>
            <line>
              <![CDATA[<br>]]>
            </line>
            <line>
              <![CDATA[<br>]]>
            </line>
[...]
              <![CDATA[Login Successfully not executed]]>
            </line>
          </reporter-output>
        </test-method> <!-- mainPageOpenLocalUser -->
        <test-method status="PASS" signature="provisionLocalUser(java.lang.String, java.lang.String, java.lang.String, java.lang.String, java.lang.String)[pri:2, instance:Testcases.ProvisionLocalUserTest@4d910fd6]" name="provisionLocalUser" duration-ms="34685" started-at="2018-05-21T14:22:00Z" data-provider="getData" finished-at="2018-05-21T14:22:35Z">
          <params>
            <param index="0">
              <value>
                <![CDATA[18002345998]]>
              </value>
            </param>
            <param index="1">
              <value>
                <![CDATA[00 Hunt List QA Auto 054]]>
              </value>
            </param>
            <param index="2">
              <value>
                <![CDATA[Line Group QA Auto 56]]>
              </value>
            </param>
            <param index="3">
              <value>
                <![CDATA[https://192.168.110.81/ccmadmin/]]>
              </value>
            </param>
            <param index="4">
              <value>
                <![CDATA[https://192.168.110.82/cuadmin/]]>
              </value>
            </param>
          </params>
          <reporter-output>
            <line>
              <![CDATA[Click to see screenshot]]>
            </line>
            <line>
              <![CDATA[<a target="_blank"href=Mon_May_21_10_22_35_EDT_2018.jpg>Screenshot</a>]]>
            </line>
            <line>
              <![CDATA[<br>]]>
            </line>
            <line>
              <![CDATA[<br>]]>
            </line>
            <line>
              <![CDATA[<a target="_blank"href=Mon_May_21_10_22_35_EDT_2018.jpg)img src=Mon_May_21_10_22_35_EDT_2018.jpg height=200 width=200></img></a>]]>
            </line>
            <line>
              <![CDATA[Login Successfully not executed]]>
            </line>
          </reporter-output>
        </test-method> <!-- provisionLocalUser -->
        <test-method status="PASS" signature="mainPageOpenDeleteLocalUser()[pri:3, instance:Testcases.ProvisionLocalUserTest@4d910fd6]" name="mainPageOpenDeleteLocalUser" duration-ms="5648" started-at="2018-05-21T14:22:35Z" finished-at="2018-05-21T14:22:41Z">
          <reporter-output>
            <line>
              <![CDATA[Click to see screenshot]]>
            </line>
            <line>
              <![CDATA[<a target="_blank"href=Mon_May_21_10_22_42_EDT_2018.jpg>Screenshot</a>]]>
            </line>
            <line>
              <![CDATA[<br>]]>
            </line>
            <line>
              <![CDATA[<br>]]>
            </line>
            <line>
              <![CDATA[<a target="_blank"href=Mon_May_21_10_22_42_EDT_2018.jpg)img src=Mon_May_21_10_22_42_EDT_2018.jpg height=200 width=200></img></a>]]>
            </line>
            <line>
              <![CDATA[Login Successfully not executed]]>
            </line>
          </reporter-output>
        </test-method> <!-- mainPageOpenDeleteLocalUser -->
        <test-method status="PASS" signature="provisionDeleteLocalUser(java.lang.String, java.lang.String, java.lang.String, java.lang.String, java.lang.String)[pri:4, instance:Testcases.ProvisionLocalUserTest@4d910fd6]" name="provisionDeleteLocalUser" duration-ms="38596" started-at="2018-05-21T14:22:42Z" data-provider="getData" finished-at="2018-05-21T14:23:20Z">
          <params>
            <param index="0">
              <value>
                <![CDATA[18002345998]]>
              </value>
            </param>
            <param index="1">
              <value>
                <![CDATA[00 Hunt List QA Auto 054]]>
              </value>
            </param>
            <param index="2">
              <value>
                <![CDATA[Line Group QA Auto 56]]>
              </value>
            </param>
            <param index="3">
              <value>
                <![CDATA[https://192.168.110.81/ccmadmin/]]>
              </value>
            </param>
            <param index="4">
              <value>
                <![CDATA[https://192.168.110.82/cuadmin/]]>
              </value>
            </param>
          </params>
          <reporter-output>
            <line>
              <![CDATA[<br>Verification failure : expected [0 records found] but found [1 records found]<br>]]>
            </line>
            <line>
              <![CDATA[<a target="_blank"href=Mon_May_21_10_23_20_EDT_2018.jpg)img src=Mon_May_21_10_23_20_EDT_2018.jpg height=200 width=200></img></a>]]>
            </line>
            <line>
              <![CDATA[<br>]]>
            </line>
            <line>
              <![CDATA[<br>]]>
            </line>
            <line>
              <![CDATA[Click to see screenshot]]>
            </line>
            <line>
              <![CDATA[<a target="_blank"href=Mon_May_21_10_23_21_EDT_2018.jpg>Screenshot</a>]]>
            </line>
            <line>
              <![CDATA[<br>]]>
            </line>
            <line>
              <![CDATA[<br>]]>
            </line>
            <line>
              <![CDATA[<a target="_blank"href=Mon_May_21_10_23_21_EDT_2018.jpg)img src=Mon_May_21_10_23_21_EDT_2018.jpg height=200 width=200></img></a>]]>
            </line>
            <line>
              <![CDATA[Login Successfully not executed]]>
            </line>
          </reporter-output>
        </test-method> <!-- provisionDeleteLocalUser -->
      </class> <!-- Testcases.ProvisionLocalUserTest -->
    </test> <!--  Provision Jobs Local User Test -->
    <test name=" Provision Jobs Ldap Voice Test" duration-ms="77831" started-at="2018-05-21T14:23:21Z" finished-at="2018-05-21T14:24:38Z">
      <class name="Testcases.ProvisionLdapVoiceTest">
        <test-method status="PASS" signature="mainPageOpenLdapVoice()[pri:1, instance:Testcases.ProvisionLdapVoiceTest@73ee04c8]" name="mainPageOpenLdapVoice" duration-ms="6142" started-at="2018-05-21T14:23:21Z" finished-at="2018-05-21T14:23:27Z">
          <reporter-output>
            <line>
              <![CDATA[Click to see screenshot]]>
            </line>
            <line>
              <![CDATA[<a target="_blank"href=Mon_May_21_10_23_27_EDT_2018.jpg>Screenshot</a>]]>
            </line>
            <line>
              <![CDATA[<br>]]>
            </line>
            <line>
              <![CDATA[<br>]]>
            </line>
            <line>
              <![CDATA[<a target="_blank"href=Mon_May_21_10_23_27_EDT_2018.jpg)img src=Mon_May_21_10_23_27_EDT_2018.jpg height=200 width=200></img></a>]]>
            </line>
            <line>
              <![CDATA[Login Successfully not executed]]>
            </line>
          </reporter-output>
        </test-method> <!-- mainPageOpenLdapVoice -->
        <test-method status="PASS" signature="provisionLdapVoice(java.lang.String, java.lang.String, java.lang.String, java.lang.String, java.lang.String)[pri:2, instance:Testcases.ProvisionLdapVoiceTest@73ee04c8]" name="provisionLdapVoice" duration-ms="70816" started-at="2018-05-21T14:23:27Z" data-provider="getData" finished-at="2018-05-21T14:24:38Z">
          <params>
            <param index="0">
              <value>
                <![CDATA[18002345998]]>
              </value>
            </param>
            <param index="1">
              <value>
                <![CDATA[00 Hunt List QA Auto 054]]>
              </value>
            </param>
            <param index="2">
              <value>
                <![CDATA[Line Group QA Auto 56]]>
              </value>
            </param>
            <param index="3">
              <value>
                <![CDATA[https://192.168.110.81/ccmadmin/]]>
              </value>
            </param>
            <param index="4">
              <value>
                <![CDATA[https://192.168.110.82/cuadmin/]]>
              </value>
            </param>
          </params>
          <reporter-output>
            <line>
              <![CDATA[<br>Verification failure : expected [  Found 1 User(s)] but found [Found 1 User(s)]<br>]]>
            </line>
            <line>
              <![CDATA[<a target="_blank"href=Mon_May_21_10_24_38_EDT_2018.jpg)img src=Mon_May_21_10_24_38_EDT_2018.jpg height=200 width=200></img></a>]]>
            </line>
            <line>
              <![CDATA[<br>]]>
            </line>
            <line>
              <![CDATA[<br>]]>
            </line>
            <line>
              <![CDATA[Click to see screenshot]]>
            </line>
            <line>
              <![CDATA[<a target="_blank"href=Mon_May_21_10_24_38_EDT_2018.jpg>Screenshot</a>]]>
            </line>
            <line>
              <![CDATA[<br>]]>
            </line>
            <line>
              <![CDATA[<br>]]>
            </line>
            <line>
              <![CDATA[<a target="_blank"href=Mon_May_21_10_24_38_EDT_2018.jpg)img src=Mon_May_21_10_24_38_EDT_2018.jpg height=200 width=200></img></a>]]>
            </line>
            <line>
              <![CDATA[Login Successfully not executed]]>
            </line>
          </reporter-output>
        </test-method> <!-- provisionLdapVoice -->
      </class> <!-- Testcases.ProvisionLdapVoiceTest -->
    </test> <!--  Provision Jobs Ldap Voice Test -->
    <test name=" Provision Jobs Local Voice Test" duration-ms="65825" started-at="2018-05-21T14:24:38Z" finished-at="2018-05-21T14:25:44Z">
      <class name="Testcases.ProvisionLocalVoiceTest">
        <test-method status="PASS" signature="setUp()[pri:0, instance:Testcases.ProvisionLocalVoiceTest@34f7cfd9]" name="setUp" is-config="true" duration-ms="6970" started-at="2018-05-21T14:01:43Z" finished-at="2018-05-21T14:01:50Z">
          <reporter-output>
          </reporter-output>
        </test-method> <!-- setUp -->
        <test-method status="PASS" signature="mainPageOpenLocalVoice()[pri:1, instance:Testcases.ProvisionLocalVoiceTest@34f7cfd9]" name="mainPageOpenLocalVoice" duration-ms="5796" started-at="2018-05-21T14:24:38Z" finished-at="2018-05-21T14:24:44Z">
          <reporter-output>
            <line>
              <![CDATA[Click to see screenshot]]>
            </line>
            <line>
              <![CDATA[<a target="_blank"href=Mon_May_21_10_24_45_EDT_2018.jpg>Screenshot</a>]]>
            </line>
            <line>
              <![CDATA[<br>]]>
            </line>
            <line>
              <![CDATA[<br>]]>
            </line>
            <line>
              <![CDATA[<a target="_blank"href=Mon_May_21_10_24_45_EDT_2018.jpg)img src=Mon_May_21_10_24_45_EDT_2018.jpg height=200 width=200></img></a>]]>
            </line>
            <line>
              <![CDATA[Login Successfully not executed]]>
            </line>
          </reporter-output>
        </test-method> <!-- mainPageOpenLocalVoice -->
        <test-method status="FAIL" signature="provisionLocalVoice(java.lang.String, java.lang.String, java.lang.String, java.lang.String, java.lang.String)[pri:2, instance:Testcases.ProvisionLocalVoiceTest@34f7cfd9]" name="provisionLocalVoice" duration-ms="58980" started-at="2018-05-21T14:24:45Z" data-provider="getData" finished-at="2018-05-21T14:25:44Z">
          <params>
            <param index="0">
              <value>
                <![CDATA[18002345998]]>
              </value>
            </param>
            <param index="1">
              <value>
                <![CDATA[00 Hunt List QA Auto 054]]>
              </value>
            </param>
            <param index="2">
              <value>
                <![CDATA[Line Group QA Auto 56]]>
              </value>
            </param>
            <param index="3">
              <value>
                <![CDATA[https://192.168.110.81/ccmadmin/]]>
              </value>
            </param>
            <param index="4">
              <value>
                <![CDATA[https://192.168.110.82/cuadmin/]]>
              </value>
            </param>
          </params>
          <exception class="org.openqa.selenium.NoSuchElementException">
            <message>
              <![CDATA[no such element: Unable to locate element: {"method":"xpath","selector":".//*[@id='cutree_1']/a/span"}
  (Session info: chrome=66.0.3359.181)
  (Driver info: chromedriver=2.35.528161 (5b82f2d2aae0ca24b877009200ced9065a772e73),platform=Windows NT 10.0.16299 x86_64) (WARNING: The server did not provide any stacktrace information)
Command duration or timeout: 0 milliseconds
For documentation on this error, please visit: http://seleniumhq.org/exceptions/no_such_element.html
Build info: version: '3.8.1', revision: '6e95a6684b', time: '2017-12-01T18:33:54.468Z'
System info: host: 'AKK-DEV-QA-AUTO', ip: '192.168.101.102', os.name: 'Windows 10', os.arch: 'amd64', os.version: '10.0', java.version: '1.8.0_161'
Driver info: org.openqa.selenium.chrome.ChromeDriver
Capabilities {acceptInsecureCerts: false, acceptSslCerts: false, applicationCacheEnabled: false, browserConnectionEnabled: false, browserName: chrome, chrome: {chromedriverVersion: 2.35.528161 (5b82f2d2aae0ca..., userDataDir: C:\Users\hgulia\AppData\Loc...}, cssSelectorsEnabled: true, databaseEnabled: false, handlesAlerts: true, hasTouchScreen: false, javascriptEnabled: true, locationContextEnabled: true, mobileEmulationEnabled: false, nativeEvents: true, networkConnectionEnabled: false, pageLoadStrategy: normal, platform: XP, platformName: XP, rotatable: false, setWindowRect: true, takesHeapSnapshot: true, takesScreenshot: true, unexpectedAlertBehaviour: , unhandledPromptBehavior: , version: 66.0.3359.181, webStorageEnabled: true}
Session ID: 910928d432ba34b8f8ebe69c337cd93c
*** Element info: {Using=xpath, value=.//*[@id='cutree_1']/a/span}]]>
            </message>
            <full-stacktrace>
              <![CDATA[org.openqa.selenium.NoSuchElementException: no such element: Unable to locate element: {"method":"xpath","selector":".//*[@id='cutree_1']/a/span"}
  (Session info: chrome=66.0.3359.181)
  (Driver info: chromedriver=2.35.528161 (5b82f2d2aae0ca24b877009200ced9065a772e73),platform=Windows NT 10.0.16299 x86_64) (WARNING: The server did not provide any stacktrace information)
Command duration or timeout: 0 milliseconds
For documentation on this error, please visit: http://seleniumhq.org/exceptions/no_such_element.html
Build info: version: '3.8.1', revision: '6e95a6684b', time: '2017-12-01T18:33:54.468Z'
System info: host: 'AKK-DEV-QA-AUTO', ip: '192.168.101.102', os.name: 'Windows 10', os.arch: 'amd64', os.version: '10.0', java.version: '1.8.0_161'
Driver info: org.openqa.selenium.chrome.ChromeDriver
Capabilities {acceptInsecureCerts: false, acceptSslCerts: false, applicationCacheEnabled: false, browserConnectionEnabled: false, browserName: chrome, chrome: {chromedriverVersion: 2.35.528161 (5b82f2d2aae0ca..., userDataDir: C:\Users\hgulia\AppData\Loc...}, cssSelectorsEnabled: true, databaseEnabled: false, handlesAlerts: true, hasTouchScreen: false, javascriptEnabled: true, locationContextEnabled: true, mobileEmulationEnabled: false, nativeEvents: true, networkConnectionEnabled: false, pageLoadStrategy: normal, platform: XP, platformName: XP, rotatable: false, setWindowRect: true, takesHeapSnapshot: true, takesScreenshot: true, unexpectedAlertBehaviour: , unhandledPromptBehavior: , version: 66.0.3359.181, webStorageEnabled: true}
Session ID: 910928d432ba34b8f8ebe69c337cd93c
*** Element info: {Using=xpath, value=.//*[@id='cutree_1']/a/span}
at sun.reflect.NativeConstructorAccessorImpl.newInstance0(Native Method)
at sun.reflect.NativeConstructorAccessorImpl.newInstance(NativeConstructorAccessorImpl.java:62)
at sun.reflect.DelegatingConstructorAccessorImpl.newInstance(DelegatingConstructorAccessorImpl.java:45)
at java.lang.reflect.Constructor.newInstance(Constructor.java:423)
at org.openqa.selenium.remote.ErrorHandler.createThrowable(ErrorHandler.java:214)
at org.openqa.selenium.remote.ErrorHandler.throwIfResponseFailed(ErrorHandler.java:166)
at org.openqa.selenium.remote.http.JsonHttpResponseCodec.reconstructValue(JsonHttpResponseCodec.java:40)
at org.openqa.selenium.remote.http.AbstractHttpResponseCodec.decode(AbstractHttpResponseCodec.java:80)
at org.openqa.selenium.remote.http.AbstractHttpResponseCodec.decode(AbstractHttpResponseCodec.java:44)
at org.openqa.selenium.remote.HttpCommandExecutor.execute(HttpCommandExecutor.java:164)
at org.openqa.selenium.remote.service.DriverCommandExecutor.execute(DriverCommandExecutor.java:83)
at org.openqa.selenium.remote.RemoteWebDriver.execute(RemoteWebDriver.java:601)
at org.openqa.selenium.remote.RemoteWebDriver.findElement(RemoteWebDriver.java:371)
at org.openqa.selenium.remote.RemoteWebDriver.findElementByXPath(RemoteWebDriver.java:473)
at org.openqa.selenium.By$ByXPath.findElement(By.java:361)
at org.openqa.selenium.remote.RemoteWebDriver.findElement(RemoteWebDriver.java:363)
at Base.TestBase.click(TestBase.java:119)
at Testcases.ProvisionLocalVoiceTest.provisionLocalVoice(ProvisionLocalVoiceTest.java:104)
at sun.reflect.NativeMethodAccessorImpl.invoke0(Native Method)
at sun.reflect.NativeMethodAccessorImpl.invoke(NativeMethodAccessorImpl.java:62)
at sun.reflect.DelegatingMethodAccessorImpl.invoke(DelegatingMethodAccessorImpl.java:43)
at java.lang.reflect.Method.invoke(Method.java:498)
at org.testng.internal.MethodInvocationHelper.invokeMethod(MethodInvocationHelper.java:124)
at org.testng.internal.Invoker.invokeMethod(Invoker.java:583)
at org.testng.internal.Invoker.invokeTestMethod(Invoker.java:719)
at org.testng.internal.Invoker.invokeTestMethods(Invoker.java:989)
at org.testng.internal.TestMethodWorker.invokeTestMethods(TestMethodWorker.java:125)
at org.testng.internal.TestMethodWorker.run(TestMethodWorker.java:109)
at org.testng.TestRunner.privateRun(TestRunner.java:648)
at org.testng.TestRunner.run(TestRunner.java:505)
at org.testng.SuiteRunner.runTest(SuiteRunner.java:455)
at org.testng.SuiteRunner.runSequentially(SuiteRunner.java:450)
at org.testng.SuiteRunner.privateRun(SuiteRunner.java:415)
at org.testng.SuiteRunner.run(SuiteRunner.java:364)
at org.testng.SuiteRunnerWorker.runSuite(SuiteRunnerWorker.java:52)
at org.testng.SuiteRunnerWorker.run(SuiteRunnerWorker.java:84)
at org.testng.TestNG.runSuitesSequentially(TestNG.java:1208)
at org.testng.TestNG.runSuitesLocally(TestNG.java:1137)
at org.testng.TestNG.runSuites(TestNG.java:1049)
at org.testng.TestNG.run(TestNG.java:1017)
at org.apache.maven.surefire.testng.TestNGExecutor.run(TestNGExecutor.java:295)
at org.apache.maven.surefire.testng.TestNGXmlTestSuite.execute(TestNGXmlTestSuite.java:84)
at org.apache.maven.surefire.testng.TestNGProvider.invoke(TestNGProvider.java:90)
at org.apache.maven.surefire.booter.ForkedBooter.invokeProviderInSameClassLoader(ForkedBooter.java:203)
at org.apache.maven.surefire.booter.ForkedBooter.runSuitesInProcess(ForkedBooter.java:155)
at org.apache.maven.surefire.booter.ForkedBooter.main(ForkedBooter.java:103)
]]>
            </full-stacktrace>
          </exception> <!-- org.openqa.selenium.NoSuchElementException -->
          <reporter-output>
            <line>
              <![CDATA[Click to see screenshot]]>
            </line>
            <line>
              <![CDATA[<a target="_blank"href=Mon_May_21_10_25_44_EDT_2018.jpg>Screenshot</a>]]>
            </line>
            <line>
              <![CDATA[<br>]]>
            </line>
            <line>
              <![CDATA[<br>]]>
            </line>
            <line>
              <![CDATA[<a target="_blank"href=Mon_May_21_10_25_44_EDT_2018.jpg)img src=Mon_May_21_10_25_44_EDT_2018.jpg height=200 width=200></img></a>]]>
            </line>
            <line>
              <![CDATA[Login Successfully not executed]]>
            </line>
          </reporter-output>
        </test-method> <!-- provisionLocalVoice -->
      </class> <!-- Testcases.ProvisionLocalVoiceTest -->
    </test> <!--  Provision Jobs Local Voice Test -->
  </suite> <!-- PMEPrvovision -->
</testng-results>
