<?xml version="1.0" encoding="UTF-8"?>
<testng-results skipped="0" failed="1" ignored="0" total="2" passed="1">
  <reporter-output>
  </reporter-output>
  <suite name="Default suite" duration-ms="2739" started-at="2018-04-03T17:35:22Z" finished-at="2018-04-03T17:35:25Z">
    <groups>
    </groups>
    <test name="Default test" duration-ms="2739" started-at="2018-04-03T17:35:22Z" finished-at="2018-04-03T17:35:25Z">
      <class name="Testcases.CreateLocalUsersTest">
        <test-method status="PASS" signature="setUp()[pri:0, instance:Testcases.CreateLocalUsersTest@ae13544]" name="setUp" is-config="true" duration-ms="4736" started-at="2018-04-03T13:35:18Z" finished-at="2018-04-03T13:35:22Z">
          <reporter-output>
          </reporter-output>
        </test-method> <!-- setUp -->
        <test-method status="PASS" signature="loginasPMEAdmin(java.lang.String, java.lang.String)[pri:1, instance:Testcases.CreateLocalUsersTest@ae13544]" name="loginasPMEAdmin" duration-ms="1337" started-at="2018-04-03T13:35:22Z" data-provider="getDataLogin" finished-at="2018-04-03T13:35:24Z">
          <params>
            <param index="0">
              <value>
                <![CDATA[pmeadmin]]>
              </value>
            </param>
            <param index="1">
              <value>
                <![CDATA[PMEAdmin]]>
              </value>
            </param>
          </params>
          <reporter-output>
          </reporter-output>
        </test-method> <!-- loginasPMEAdmin -->
        <test-method status="FAIL" signature="adduser(java.lang.String, java.lang.String, java.lang.String, java.lang.String, java.lang.String)[pri:2, instance:Testcases.CreateLocalUsersTest@ae13544]" name="adduser" duration-ms="1336" started-at="2018-04-03T13:35:24Z" data-provider="getDataUsers" finished-at="2018-04-03T13:35:25Z">
          <params>
            <param index="0">
              <value>
                <![CDATA[Hitender]]>
              </value>
            </param>
            <param index="1">
              <value>
                <![CDATA[Gulia]]>
              </value>
            </param>
            <param index="2">
              <value>
                <![CDATA[hgulia]]>
              </value>
            </param>
            <param index="3">
              <value>
                <![CDATA[hgulia@akkadianlabs.com]]>
              </value>
            </param>
            <param index="4">
              <value>
                <![CDATA[123.0]]>
              </value>
            </param>
          </params>
          <exception class="java.lang.NullPointerException">
            <full-stacktrace>
              <![CDATA[java.lang.NullPointerException
	at Base.TestBase.click(TestBase.java:117)
	at Testcases.CreateLocalUsersTest.adduser(CreateLocalUsersTest.java:37)
	at sun.reflect.NativeMethodAccessorImpl.invoke0(Native Method)
	at sun.reflect.NativeMethodAccessorImpl.invoke(NativeMethodAccessorImpl.java:62)
	at sun.reflect.DelegatingMethodAccessorImpl.invoke(DelegatingMethodAccessorImpl.java:43)
	at java.lang.reflect.Method.invoke(Method.java:498)
	at org.testng.internal.MethodInvocationHelper.invokeMethod(MethodInvocationHelper.java:108)
	at org.testng.internal.Invoker.invokeMethod(Invoker.java:661)
	at org.testng.internal.Invoker.invokeTestMethod(Invoker.java:869)
	at org.testng.internal.Invoker.invokeTestMethods(Invoker.java:1193)
	at org.testng.internal.TestMethodWorker.invokeTestMethods(TestMethodWorker.java:126)
	at org.testng.internal.TestMethodWorker.run(TestMethodWorker.java:109)
	at org.testng.TestRunner.privateRun(TestRunner.java:744)
	at org.testng.TestRunner.run(TestRunner.java:602)
	at org.testng.SuiteRunner.runTest(SuiteRunner.java:380)
	at org.testng.SuiteRunner.runSequentially(SuiteRunner.java:375)
	at org.testng.SuiteRunner.privateRun(SuiteRunner.java:340)
	at org.testng.SuiteRunner.run(SuiteRunner.java:289)
	at org.testng.SuiteRunnerWorker.runSuite(SuiteRunnerWorker.java:52)
	at org.testng.SuiteRunnerWorker.run(SuiteRunnerWorker.java:86)
	at org.testng.TestNG.runSuitesSequentially(TestNG.java:1301)
	at org.testng.TestNG.runSuitesLocally(TestNG.java:1226)
	at org.testng.TestNG.runSuites(TestNG.java:1144)
	at org.testng.TestNG.run(TestNG.java:1115)
	at org.testng.remote.AbstractRemoteTestNG.run(AbstractRemoteTestNG.java:114)
	at org.testng.remote.RemoteTestNG.initAndRun(RemoteTestNG.java:251)
	at org.testng.remote.RemoteTestNG.main(RemoteTestNG.java:77)
]]>
            </full-stacktrace>
          </exception> <!-- java.lang.NullPointerException -->
          <reporter-output>
          </reporter-output>
        </test-method> <!-- adduser -->
      </class> <!-- Testcases.CreateLocalUsersTest -->
    </test> <!-- Default test -->
  </suite> <!-- Default suite -->
</testng-results>
